Using pre-set license
Built from '2021.3/release' branch; Version is '2021.3.12f1 (8af3c3e441b1) revision 9106371'; Using compiler version '192829333'; Build Type 'Release'
OS: 'Windows 10  (10.0.19044) 64bit Professional' Language: 'de' Physical Memory: 32694 MB
BatchMode: 1, IsHumanControllingUs: 0, StartBugReporterOnCrash: 0, Is64bit: 1, IsPro: 1

COMMAND LINE ARGUMENTS:
C:\Program Files\Unity\Hub\Editor\2021.3.12f1\Editor\Unity.exe
-adb2
-batchMode
-noUpm
-name
AssetImportWorker0
-projectPath
D:/Development/UnityProjects/MyTestProject/quizparty/Spielfeld
-logFile
Logs/AssetImportWorker0.log
-srvPort
52700
Successfully changed project path to: D:/Development/UnityProjects/MyTestProject/quizparty/Spielfeld
D:/Development/UnityProjects/MyTestProject/quizparty/Spielfeld
[UnityMemory] Configuration Parameters - Can be set up in boot.config
    "memorysetup-bucket-allocator-granularity=16"
    "memorysetup-bucket-allocator-bucket-count=8"
    "memorysetup-bucket-allocator-block-size=33554432"
    "memorysetup-bucket-allocator-block-count=8"
    "memorysetup-main-allocator-block-size=16777216"
    "memorysetup-thread-allocator-block-size=16777216"
    "memorysetup-gfx-main-allocator-block-size=16777216"
    "memorysetup-gfx-thread-allocator-block-size=16777216"
    "memorysetup-cache-allocator-block-size=4194304"
    "memorysetup-typetree-allocator-block-size=2097152"
    "memorysetup-profiler-bucket-allocator-granularity=16"
    "memorysetup-profiler-bucket-allocator-bucket-count=8"
    "memorysetup-profiler-bucket-allocator-block-size=33554432"
    "memorysetup-profiler-bucket-allocator-block-count=8"
    "memorysetup-profiler-allocator-block-size=16777216"
    "memorysetup-profiler-editor-allocator-block-size=1048576"
    "memorysetup-temp-allocator-size-main=16777216"
    "memorysetup-job-temp-allocator-block-size=2097152"
    "memorysetup-job-temp-allocator-block-size-background=1048576"
    "memorysetup-job-temp-allocator-reduction-small-platforms=262144"
    "memorysetup-temp-allocator-size-background-worker=32768"
    "memorysetup-temp-allocator-size-job-worker=262144"
    "memorysetup-temp-allocator-size-preload-manager=33554432"
    "memorysetup-temp-allocator-size-nav-mesh-worker=65536"
    "memorysetup-temp-allocator-size-audio-worker=65536"
    "memorysetup-temp-allocator-size-cloud-worker=32768"
    "memorysetup-temp-allocator-size-gi-baking-worker=262144"
    "memorysetup-temp-allocator-size-gfx=262144"
Refreshing native plugins compatible for Editor in 66.29 ms, found 3 plugins.
Preloading 0 native plugins for Editor in 0.00 ms.
Initialize engine version: 2021.3.12f1 (8af3c3e441b1)
[Subsystems] Discovering subsystems at path C:/Program Files/Unity/Hub/Editor/2021.3.12f1/Editor/Data/Resources/UnitySubsystems
[Subsystems] Discovering subsystems at path D:/Development/UnityProjects/MyTestProject/quizparty/Spielfeld/Assets
GfxDevice: creating device client; threaded=0; jobified=0
Direct3D:
    Version:  Direct3D 11.0 [level 11.1]
    Renderer: NVIDIA GeForce RTX 3080 (ID=0x2206)
    Vendor:   NVIDIA
    VRAM:     10077 MB
    Driver:   31.0.15.1694
Initialize mono
Mono path[0] = 'C:/Program Files/Unity/Hub/Editor/2021.3.12f1/Editor/Data/Managed'
Mono path[1] = 'C:/Program Files/Unity/Hub/Editor/2021.3.12f1/Editor/Data/MonoBleedingEdge/lib/mono/unityjit-win32'
Mono config path = 'C:/Program Files/Unity/Hub/Editor/2021.3.12f1/Editor/Data/MonoBleedingEdge/etc'
Using monoOptions --debugger-agent=transport=dt_socket,embedding=1,server=y,suspend=n,address=127.0.0.1:56072
Begin MonoManager ReloadAssembly
Registering precompiled unity dll's ...
Register platform support module: C:/Program Files/Unity/Hub/Editor/2021.3.12f1/Editor/Data/PlaybackEngines/WebGLSupport/UnityEditor.WebGL.Extensions.dll
Register platform support module: C:/Program Files/Unity/Hub/Editor/2021.3.12f1/Editor/Data/PlaybackEngines/WindowsStandaloneSupport/UnityEditor.WindowsStandalone.Extensions.dll
Registered in 0.005359 seconds.
Native extension for WindowsStandalone target not found
Native extension for WebGL target not found
Refreshing native plugins compatible for Editor in 67.25 ms, found 3 plugins.
Preloading 0 native plugins for Editor in 0.00 ms.
Mono: successfully reloaded assembly
- Completed reload, in  0.492 seconds
Domain Reload Profiling:
	ReloadAssembly (493ms)
		BeginReloadAssembly (54ms)
			ExecutionOrderSort (0ms)
			DisableScriptedObjects (0ms)
			BackupInstance (0ms)
			ReleaseScriptingObjects (0ms)
			CreateAndSetChildDomain (1ms)
		EndReloadAssembly (358ms)
			LoadAssemblies (53ms)
			RebuildTransferFunctionScriptingTraits (0ms)
			SetupTypeCache (74ms)
			ReleaseScriptCaches (0ms)
			RebuildScriptCaches (21ms)
			SetupLoadedEditorAssemblies (224ms)
				LogAssemblyErrors (0ms)
				InitializePlatformSupportModulesInManaged (7ms)
				SetLoadedEditorAssemblies (0ms)
				RefreshPlugins (67ms)
				BeforeProcessingInitializeOnLoad (1ms)
				ProcessInitializeOnLoadAttributes (114ms)
				ProcessInitializeOnLoadMethodAttributes (34ms)
				AfterProcessingInitializeOnLoad (0ms)
				EditorAssembliesLoaded (0ms)
			ExecutionOrderSort2 (0ms)
			AwakeInstancesAfterBackupRestoration (0ms)
Platform modules already initialized, skipping
Registering precompiled user dll's ...
Registered in 0.003054 seconds.
Begin MonoManager ReloadAssembly
Symbol file LoadedFromMemory doesn't match image D:\Development\UnityProjects\MyTestProject\quizparty\Spielfeld\Library\PackageCache\com.unity.visualscripting@1.7.8\Editor\VisualScripting.Core\Dependencies\YamlDotNet\Unity.VisualScripting.YamlDotNet.dll
Symbol file LoadedFromMemory doesn't match image D:\Development\UnityProjects\MyTestProject\quizparty\Spielfeld\Library\PackageCache\com.unity.visualscripting@1.7.8\Editor\VisualScripting.Core\Dependencies\DotNetZip\Unity.VisualScripting.IonicZip.dll
Native extension for WindowsStandalone target not found
Native extension for WebGL target not found
Refreshing native plugins compatible for Editor in 1.34 ms, found 3 plugins.
Preloading 0 native plugins for Editor in 0.00 ms.
Mono: successfully reloaded assembly
- Completed reload, in  0.784 seconds
Domain Reload Profiling:
	ReloadAssembly (785ms)
		BeginReloadAssembly (86ms)
			ExecutionOrderSort (0ms)
			DisableScriptedObjects (4ms)
			BackupInstance (0ms)
			ReleaseScriptingObjects (0ms)
			CreateAndSetChildDomain (18ms)
		EndReloadAssembly (613ms)
			LoadAssemblies (62ms)
			RebuildTransferFunctionScriptingTraits (0ms)
			SetupTypeCache (180ms)
			ReleaseScriptCaches (1ms)
			RebuildScriptCaches (39ms)
			SetupLoadedEditorAssemblies (305ms)
				LogAssemblyErrors (0ms)
				InitializePlatformSupportModulesInManaged (7ms)
				SetLoadedEditorAssemblies (0ms)
				RefreshPlugins (1ms)
				BeforeProcessingInitializeOnLoad (68ms)
				ProcessInitializeOnLoadAttributes (197ms)
				ProcessInitializeOnLoadMethodAttributes (26ms)
				AfterProcessingInitializeOnLoad (6ms)
				EditorAssembliesLoaded (0ms)
			ExecutionOrderSort2 (0ms)
			AwakeInstancesAfterBackupRestoration (5ms)
Platform modules already initialized, skipping
========================================================================
Worker process is ready to serve import requests
Launched and connected shader compiler UnityShaderCompiler.exe after 0.03 seconds
Refreshing native plugins compatible for Editor in 1.10 ms, found 3 plugins.
Preloading 0 native plugins for Editor in 0.00 ms.
Unloading 3405 Unused Serialized files (Serialized files now loaded: 0)
Unloading 27 unused Assets / (113.6 KB). Loaded Objects now: 3865.
Memory consumption went from 193.2 MB to 193.1 MB.
Total: 2.761300 ms (FindLiveObjects: 0.241300 ms CreateObjectMapping: 0.075800 ms MarkObjects: 2.337400 ms  DeleteObjects: 0.105700 ms)

AssetImportParameters requested are different than current active one (requested -> active):
  custom:video-decoder-ogg-theora: a1e56fd34408186e4bbccfd4996cb3dc -> 
  custom:container-muxer-webm: aa71ff27fc2769a1b78a27578f13a17b -> 
  custom:container-demuxer-webm: 4f35f7cbe854078d1ac9338744f61a02 -> 
  custom:video-encoder-webm-vp8: eb34c28f22e8b96e1ab97ce403110664 -> 
  custom:audio-encoder-webm-vorbis: bf7c407c2cedff20999df2af8eb42d56 -> 
  custom:framework-win-MediaFoundation: 216162199b28c13a410421893ffa2e32 -> 
  custom:container-demuxer-ogg: 62fdf1f143b41e24485cea50d1cbac27 -> 
  custom:video-decoder-webm-vp8: 9c59270c3fd7afecdb556c50c9e8de78 -> 
  custom:audio-decoder-ogg-vorbis: bf7c407c2cedff20999df2af8eb42d56 -> 
========================================================================
Received Import Request.
  Time since last request: 81620.593446 seconds.
  path: Assets/CharacterPack Lowpoly (FREE)/Prefabs/character1.prefab
  artifactKey: Guid(7a3e76d3ba476dc43adbe00faa26df0d) Importer(815301076,1909f56bfc062723c751e8b465ee728b)
Start importing Assets/CharacterPack Lowpoly (FREE)/Prefabs/character1.prefab using Guid(7a3e76d3ba476dc43adbe00faa26df0d) Importer(815301076,1909f56bfc062723c751e8b465ee728b)  -> (artifact id: 'f741d565467cf807f92d8e793937e1e3') in 0.110076 seconds 
========================================================================
Received Import Request.
  Time since last request: 0.000016 seconds.
  path: Assets/CharacterPack Lowpoly (FREE)/Prefabs/character1 (2).prefab
  artifactKey: Guid(73b960d954b4d0e41833cf51608d11e6) Importer(815301076,1909f56bfc062723c751e8b465ee728b)
Start importing Assets/CharacterPack Lowpoly (FREE)/Prefabs/character1 (2).prefab using Guid(73b960d954b4d0e41833cf51608d11e6) Importer(815301076,1909f56bfc062723c751e8b465ee728b)  -> (artifact id: '663de39c4cddf97d28616a33946f9103') in 0.012801 seconds 
========================================================================
Received Import Request.
  Time since last request: 10.107338 seconds.
  path: Assets/HurlyBurly/FREE_LowPoly_SubwayEntrance/Prefabs/FREE_SW_ENV_StreetEntrance_01_HingeLock.prefab
  artifactKey: Guid(2c908e623bd864b9692ac6c4e0538e15) Importer(815301076,1909f56bfc062723c751e8b465ee728b)
Start importing Assets/HurlyBurly/FREE_LowPoly_SubwayEntrance/Prefabs/FREE_SW_ENV_StreetEntrance_01_HingeLock.prefab using Guid(2c908e623bd864b9692ac6c4e0538e15) Importer(815301076,1909f56bfc062723c751e8b465ee728b)  -> (artifact id: '6e5c977cbf1c095845470ec8e9d633ed') in 0.246957 seconds 
========================================================================
Received Import Request.
  Time since last request: 0.000062 seconds.
  path: Assets/HurlyBurly/FREE_LowPoly_SubwayEntrance/Prefabs/FREE_SW_ENV_StreetEntrance_01_SidewalkCollar.prefab
  artifactKey: Guid(d11dd012b26204e6b970556bd45d19c8) Importer(815301076,1909f56bfc062723c751e8b465ee728b)
Start importing Assets/HurlyBurly/FREE_LowPoly_SubwayEntrance/Prefabs/FREE_SW_ENV_StreetEntrance_01_SidewalkCollar.prefab using Guid(d11dd012b26204e6b970556bd45d19c8) Importer(815301076,1909f56bfc062723c751e8b465ee728b)  -> (artifact id: '173cbf5d9253a199ebbfbce083a9dd5c') in 0.022406 seconds 
========================================================================
Received Import Request.
  Time since last request: 0.000073 seconds.
  path: Assets/HurlyBurly/FREE_LowPoly_SubwayEntrance/Prefabs/FREE_SW_PROP_Gate_Large.prefab
  artifactKey: Guid(9ea5693c8160149be857eb871dd7c7f3) Importer(815301076,1909f56bfc062723c751e8b465ee728b)
Start importing Assets/HurlyBurly/FREE_LowPoly_SubwayEntrance/Prefabs/FREE_SW_PROP_Gate_Large.prefab using Guid(9ea5693c8160149be857eb871dd7c7f3) Importer(815301076,1909f56bfc062723c751e8b465ee728b)  -> (artifact id: 'eeafb233da98e1178b135c966219517f') in 0.020758 seconds 
========================================================================
Received Import Request.
  Time since last request: 20.895711 seconds.
  path: Assets/Simple Vehicle Pack/Prefabs/Mobile/Bus_2.prefab
  artifactKey: Guid(d3a9898e22901924b98de4fff69bf9e6) Importer(815301076,1909f56bfc062723c751e8b465ee728b)
Start importing Assets/Simple Vehicle Pack/Prefabs/Mobile/Bus_2.prefab using Guid(d3a9898e22901924b98de4fff69bf9e6) Importer(815301076,1909f56bfc062723c751e8b465ee728b)  -> (artifact id: '5fb3788b8cda32d581cb5c35857c98f6') in 0.061072 seconds 
========================================================================
Received Import Request.
  Time since last request: 0.000017 seconds.
  path: Assets/Simple Vehicle Pack/Prefabs/Mobile/Taxi.prefab
  artifactKey: Guid(6f993fa0f8fc9f045888054c717741b4) Importer(815301076,1909f56bfc062723c751e8b465ee728b)
Start importing Assets/Simple Vehicle Pack/Prefabs/Mobile/Taxi.prefab using Guid(6f993fa0f8fc9f045888054c717741b4) Importer(815301076,1909f56bfc062723c751e8b465ee728b)  -> (artifact id: '30e1211ac758b359b34a1580c71b4097') in 0.009545 seconds 
========================================================================
Received Import Request.
  Time since last request: 0.000016 seconds.
  path: Assets/Simple Vehicle Pack/Prefabs/Mobile/Police_car.prefab
  artifactKey: Guid(7500aebe3382441458c34a315bb6842b) Importer(815301076,1909f56bfc062723c751e8b465ee728b)
Start importing Assets/Simple Vehicle Pack/Prefabs/Mobile/Police_car.prefab using Guid(7500aebe3382441458c34a315bb6842b) Importer(815301076,1909f56bfc062723c751e8b465ee728b)  -> (artifact id: 'dd875f7d253b708bdf6e9f39805455f8') in 0.008388 seconds 
========================================================================
Received Import Request.
  Time since last request: 11.900587 seconds.
  path: Assets/Park/Prefabs/BenchTable.prefab
  artifactKey: Guid(f2cca35a924678c47b34db3927e4d79e) Importer(815301076,1909f56bfc062723c751e8b465ee728b)
Start importing Assets/Park/Prefabs/BenchTable.prefab using Guid(f2cca35a924678c47b34db3927e4d79e) Importer(815301076,1909f56bfc062723c751e8b465ee728b)  -> (artifact id: 'bfb5f3d445768c42e055dea9315eb7d2') in 0.011043 seconds 
========================================================================
Received Import Request.
  Time since last request: 0.000026 seconds.
  path: Assets/Park/Prefabs/Hovel_Red.prefab
  artifactKey: Guid(9a6f432168909f54dbd6f92a8c660b7f) Importer(815301076,1909f56bfc062723c751e8b465ee728b)
Start importing Assets/Park/Prefabs/Hovel_Red.prefab using Guid(9a6f432168909f54dbd6f92a8c660b7f) Importer(815301076,1909f56bfc062723c751e8b465ee728b)  -> (artifact id: 'be8a578f03f4442251f0527b745d2b58') in 0.010945 seconds 
========================================================================
Received Import Request.
  Time since last request: 0.000023 seconds.
  path: Assets/Park/Prefabs/Flowers.prefab
  artifactKey: Guid(0c453cc4f0f09864eaafd0e509aad730) Importer(815301076,1909f56bfc062723c751e8b465ee728b)
Start importing Assets/Park/Prefabs/Flowers.prefab using Guid(0c453cc4f0f09864eaafd0e509aad730) Importer(815301076,1909f56bfc062723c751e8b465ee728b)  -> (artifact id: '5343366e5208329570ef1a389519b28f') in 0.010653 seconds 
========================================================================
Received Import Request.
  Time since last request: 0.000016 seconds.
  path: Assets/Park/Prefabs/Bush.prefab
  artifactKey: Guid(7712ec26597e75f4f9325357eefd61d4) Importer(815301076,1909f56bfc062723c751e8b465ee728b)
Start importing Assets/Park/Prefabs/Bush.prefab using Guid(7712ec26597e75f4f9325357eefd61d4) Importer(815301076,1909f56bfc062723c751e8b465ee728b)  -> (artifact id: '2a35e027cc841898c9fb747667881594') in 0.010422 seconds 
========================================================================
Received Import Request.
  Time since last request: 0.000016 seconds.
  path: Assets/Park/Prefabs/Tile_High.prefab
  artifactKey: Guid(14d1d0f1dd03442499345d950f90196f) Importer(815301076,1909f56bfc062723c751e8b465ee728b)
Start importing Assets/Park/Prefabs/Tile_High.prefab using Guid(14d1d0f1dd03442499345d950f90196f) Importer(815301076,1909f56bfc062723c751e8b465ee728b)  -> (artifact id: '71fabe0a456859ff378d23be4fd979f8') in 0.011178 seconds 
========================================================================
Received Import Request.
  Time since last request: 0.000015 seconds.
  path: Assets/Park/Prefabs/Tile_Corner.prefab
  artifactKey: Guid(27a848aa48d18424ca2240da6b86f5b6) Importer(815301076,1909f56bfc062723c751e8b465ee728b)
Start importing Assets/Park/Prefabs/Tile_Corner.prefab using Guid(27a848aa48d18424ca2240da6b86f5b6) Importer(815301076,1909f56bfc062723c751e8b465ee728b)  -> (artifact id: '7cf12b2ae5163371f6ba9703b71447e5') in 0.010704 seconds 
========================================================================
Received Import Request.
  Time since last request: 0.000015 seconds.
  path: Assets/Park/Prefabs/Tree_1_Autumn.prefab
  artifactKey: Guid(a15073618cf119244b61ca28799a1d6c) Importer(815301076,1909f56bfc062723c751e8b465ee728b)
Start importing Assets/Park/Prefabs/Tree_1_Autumn.prefab using Guid(a15073618cf119244b61ca28799a1d6c) Importer(815301076,1909f56bfc062723c751e8b465ee728b)  -> (artifact id: 'eac480baf06ee2e6badac63c0f552b16') in 0.009322 seconds 
========================================================================
Received Import Request.
  Time since last request: 0.000017 seconds.
  path: Assets/Park/Prefabs/Trassh Bin.prefab
  artifactKey: Guid(00d08a984a77d7e43b1a3547211f47d5) Importer(815301076,1909f56bfc062723c751e8b465ee728b)
Start importing Assets/Park/Prefabs/Trassh Bin.prefab using Guid(00d08a984a77d7e43b1a3547211f47d5) Importer(815301076,1909f56bfc062723c751e8b465ee728b)  -> (artifact id: '747f626f47c5e5fbfe028faaae2477c3') in 0.025743 seconds 
========================================================================
Received Import Request.
  Time since last request: 0.000020 seconds.
  path: Assets/Park/Prefabs/Fountain_1.prefab
  artifactKey: Guid(dd407b8b12f4ae245b5d40058a3d72d8) Importer(815301076,1909f56bfc062723c751e8b465ee728b)
Start importing Assets/Park/Prefabs/Fountain_1.prefab using Guid(dd407b8b12f4ae245b5d40058a3d72d8) Importer(815301076,1909f56bfc062723c751e8b465ee728b)  -> (artifact id: 'd8fb5ae52660a3d366783d579e2fd6bc') in 0.011304 seconds 
========================================================================
Received Import Request.
  Time since last request: 0.000020 seconds.
  path: Assets/Park/Prefabs/Tree_1.prefab
  artifactKey: Guid(357a66039fecd22469b4e4ea64729751) Importer(815301076,1909f56bfc062723c751e8b465ee728b)
Start importing Assets/Park/Prefabs/Tree_1.prefab using Guid(357a66039fecd22469b4e4ea64729751) Importer(815301076,1909f56bfc062723c751e8b465ee728b)  -> (artifact id: 'f0dc1d1bb3a636f2c0da533cc680c30a') in 0.011247 seconds 
========================================================================
Received Import Request.
  Time since last request: 0.000020 seconds.
  path: Assets/Park/Prefabs/Wooden Bridge.prefab
  artifactKey: Guid(9ec1901049795e04face0066f4588247) Importer(815301076,1909f56bfc062723c751e8b465ee728b)
Start importing Assets/Park/Prefabs/Wooden Bridge.prefab using Guid(9ec1901049795e04face0066f4588247) Importer(815301076,1909f56bfc062723c751e8b465ee728b)  -> (artifact id: '81052e209eb7b40c0f5003dc877df056') in 0.013614 seconds 
========================================================================
Received Import Request.
  Time since last request: 0.000028 seconds.
  path: Assets/Park/Prefabs/Tree_5.prefab
  artifactKey: Guid(26fc1249dca85ed45b0a2b054cd51e31) Importer(815301076,1909f56bfc062723c751e8b465ee728b)
Start importing Assets/Park/Prefabs/Tree_5.prefab using Guid(26fc1249dca85ed45b0a2b054cd51e31) Importer(815301076,1909f56bfc062723c751e8b465ee728b)  -> (artifact id: '3c6b58905121ee1d2a0872a3a04e5d79') in 0.009137 seconds 
========================================================================
Received Import Request.
  Time since last request: 198.796107 seconds.
  path: Assets/CR Creation/Voxel 3D Town Pack for Landscape/Models/Props/pops a.fbx
  artifactKey: Guid(aaef6a41383aa1d43acf7043e480c602) Importer(815301076,1909f56bfc062723c751e8b465ee728b)
Start importing Assets/CR Creation/Voxel 3D Town Pack for Landscape/Models/Props/pops a.fbx using Guid(aaef6a41383aa1d43acf7043e480c602) Importer(815301076,1909f56bfc062723c751e8b465ee728b)  -> (artifact id: 'ebc2c79b497d79ffd7599553091bd6e5') in 0.059674 seconds 
========================================================================
Received Import Request.
  Time since last request: 0.000021 seconds.
  path: Assets/CR Creation/Voxel 3D Town Pack for Landscape/Models/Props/pops c.prefab
  artifactKey: Guid(6077a6b15c99219459eb6034b4d9f397) Importer(815301076,1909f56bfc062723c751e8b465ee728b)
Start importing Assets/CR Creation/Voxel 3D Town Pack for Landscape/Models/Props/pops c.prefab using Guid(6077a6b15c99219459eb6034b4d9f397) Importer(815301076,1909f56bfc062723c751e8b465ee728b)  -> (artifact id: 'ede834966448483b6628a0a2f28aadd7') in 0.007237 seconds 
========================================================================
Received Import Request.
  Time since last request: 0.301413 seconds.
  path: Assets/CR Creation/Voxel 3D Town Pack for Landscape/Models/Roads/road simple with side cross.fbx
  artifactKey: Guid(7e71c75d3e12b784fa160087ec67b0be) Importer(815301076,1909f56bfc062723c751e8b465ee728b)
Start importing Assets/CR Creation/Voxel 3D Town Pack for Landscape/Models/Roads/road simple with side cross.fbx using Guid(7e71c75d3e12b784fa160087ec67b0be) Importer(815301076,1909f56bfc062723c751e8b465ee728b)  -> (artifact id: '75ba7fb40603041aff4194a0ded50ab0') in 0.023162 seconds 
========================================================================
Received Import Request.
  Time since last request: 0.000104 seconds.
  path: Assets/CR Creation/Voxel 3D Town Pack for Landscape/Models/Roads/road simple with side left.fbx
  artifactKey: Guid(c84d80ec0771151409de50fe9487ec81) Importer(815301076,1909f56bfc062723c751e8b465ee728b)
Start importing Assets/CR Creation/Voxel 3D Town Pack for Landscape/Models/Roads/road simple with side left.fbx using Guid(c84d80ec0771151409de50fe9487ec81) Importer(815301076,1909f56bfc062723c751e8b465ee728b)  -> (artifact id: '95cb62d73482e3b94e1cc763e844f91a') in 0.031134 seconds 
========================================================================
Received Import Request.
  Time since last request: 0.000036 seconds.
  path: Assets/CR Creation/Voxel 3D Town Pack for Landscape/Models/Roads/road simple with side t.prefab
  artifactKey: Guid(77f2ae859c0dd0041b941c1d3151d08f) Importer(815301076,1909f56bfc062723c751e8b465ee728b)
Start importing Assets/CR Creation/Voxel 3D Town Pack for Landscape/Models/Roads/road simple with side t.prefab using Guid(77f2ae859c0dd0041b941c1d3151d08f) Importer(815301076,1909f56bfc062723c751e8b465ee728b)  -> (artifact id: '4c08e7523ca0207e95f85642977d1790') in 0.009077 seconds 
========================================================================
Received Import Request.
  Time since last request: 0.000018 seconds.
  path: Assets/CR Creation/Voxel 3D Town Pack for Landscape/Models/Roads/road simple with side.fbx
  artifactKey: Guid(b8e6a5ab5e1064542a84eaa9755036b2) Importer(815301076,1909f56bfc062723c751e8b465ee728b)
Start importing Assets/CR Creation/Voxel 3D Town Pack for Landscape/Models/Roads/road simple with side.fbx using Guid(b8e6a5ab5e1064542a84eaa9755036b2) Importer(815301076,1909f56bfc062723c751e8b465ee728b)  -> (artifact id: '0cbdf674bef35aa3eacd71548118cab5') in 0.015901 seconds 
========================================================================
Received Import Request.
  Time since last request: 0.000019 seconds.
  path: Assets/CR Creation/Voxel 3D Town Pack for Landscape/Models/Roads/road simple with side rgh.prefab
  artifactKey: Guid(0782ff8d7d3652647bae5d730ca2021c) Importer(815301076,1909f56bfc062723c751e8b465ee728b)
Start importing Assets/CR Creation/Voxel 3D Town Pack for Landscape/Models/Roads/road simple with side rgh.prefab using Guid(0782ff8d7d3652647bae5d730ca2021c) Importer(815301076,1909f56bfc062723c751e8b465ee728b)  -> (artifact id: '77bae995f18e9bb325b9c5c31a31a1da') in 0.006586 seconds 
========================================================================
Received Import Request.
  Time since last request: 1.102275 seconds.
  path: Assets/CR Creation/Voxel 3D Town Pack for Landscape/Models/Shops/shop a.fbx
  artifactKey: Guid(c606e65ee7390c74b9aa44ec4a658b76) Importer(815301076,1909f56bfc062723c751e8b465ee728b)
Start importing Assets/CR Creation/Voxel 3D Town Pack for Landscape/Models/Shops/shop a.fbx using Guid(c606e65ee7390c74b9aa44ec4a658b76) Importer(815301076,1909f56bfc062723c751e8b465ee728b)  -> (artifact id: '0567856461d7d00cf83c66fb6a858a7c') in 0.026852 seconds 
========================================================================
Received Import Request.
  Time since last request: 0.000019 seconds.
  path: Assets/CR Creation/Voxel 3D Town Pack for Landscape/Models/Shops/shop b.fbx
  artifactKey: Guid(dc2aad0f5ddd9e04381eb5583ec1dacd) Importer(815301076,1909f56bfc062723c751e8b465ee728b)
Start importing Assets/CR Creation/Voxel 3D Town Pack for Landscape/Models/Shops/shop b.fbx using Guid(dc2aad0f5ddd9e04381eb5583ec1dacd) Importer(815301076,1909f56bfc062723c751e8b465ee728b)  -> (artifact id: 'b23b0d9096b52bff62daeccd60487956') in 0.021336 seconds 
========================================================================
Received Import Request.
  Time since last request: 0.000018 seconds.
  path: Assets/CR Creation/Voxel 3D Town Pack for Landscape/Models/Shops/shop c.fbx
  artifactKey: Guid(fafa13d1064e01345b29f8141e6441bf) Importer(815301076,1909f56bfc062723c751e8b465ee728b)
Start importing Assets/CR Creation/Voxel 3D Town Pack for Landscape/Models/Shops/shop c.fbx using Guid(fafa13d1064e01345b29f8141e6441bf) Importer(815301076,1909f56bfc062723c751e8b465ee728b)  -> (artifact id: '474e51d33482f224a0cc659c183042a2') in 0.021894 seconds 
========================================================================
Received Import Request.
  Time since last request: 5.227515 seconds.
  path: Assets/CR Creation/Voxel 3D Town Pack for Landscape/Models/Vegitations/tree a.fbx
  artifactKey: Guid(bdd77a9c54130cb40b2a74be40556c06) Importer(815301076,1909f56bfc062723c751e8b465ee728b)
Start importing Assets/CR Creation/Voxel 3D Town Pack for Landscape/Models/Vegitations/tree a.fbx using Guid(bdd77a9c54130cb40b2a74be40556c06) Importer(815301076,1909f56bfc062723c751e8b465ee728b)  -> (artifact id: '6ab8fd46acfe131a5c6277ab9c4361dd') in 0.026176 seconds 
========================================================================
Received Import Request.
  Time since last request: 0.576998 seconds.
  path: Assets/CR Creation/Voxel 3D Town Pack for Landscape/Models/Vehicles/vehicle a.fbx
  artifactKey: Guid(253ac8f058fccb04caea2ceb329082b6) Importer(815301076,1909f56bfc062723c751e8b465ee728b)
Start importing Assets/CR Creation/Voxel 3D Town Pack for Landscape/Models/Vehicles/vehicle a.fbx using Guid(253ac8f058fccb04caea2ceb329082b6) Importer(815301076,1909f56bfc062723c751e8b465ee728b)  -> (artifact id: 'b19f560013fc5cf9970f32f1c650e819') in 0.045300 seconds 
========================================================================
Received Import Request.
  Time since last request: 188.273333 seconds.
  path: Assets/pbr_textures/materials/pbr_material.mat
  artifactKey: Guid(87294f02d9437b8479f6d772f8b00a8d) Importer(815301076,1909f56bfc062723c751e8b465ee728b)
Start importing Assets/pbr_textures/materials/pbr_material.mat using Guid(87294f02d9437b8479f6d772f8b00a8d) Importer(815301076,1909f56bfc062723c751e8b465ee728b)  -> (artifact id: '3321138bf1bad42aae143cd5910f161d') in 0.225515 seconds 
========================================================================
Received Import Request.
  Time since last request: 2.062773 seconds.
  path: Assets/Pure Poly/Free Low Poly Nature Pack
  artifactKey: Guid(d4d7bf50552518f47805eb62d5517462) Importer(815301076,1909f56bfc062723c751e8b465ee728b)
Start importing Assets/Pure Poly/Free Low Poly Nature Pack using Guid(d4d7bf50552518f47805eb62d5517462) Importer(815301076,1909f56bfc062723c751e8b465ee728b)  -> (artifact id: '74097223704f265f28f5bdfd9995ebe7') in 0.004932 seconds 
========================================================================
Received Import Request.
  Time since last request: 11.298841 seconds.
  path: Assets/pbr_textures/textures/albedo.psd
  artifactKey: Guid(b96feb90cf7cef34cb81b61b2cdd1fd1) Importer(815301076,1909f56bfc062723c751e8b465ee728b)
Start importing Assets/pbr_textures/textures/albedo.psd using Guid(b96feb90cf7cef34cb81b61b2cdd1fd1) Importer(815301076,1909f56bfc062723c751e8b465ee728b)  -> (artifact id: 'fc5bab8a810406a4129968dbddcda9ac') in 0.025981 seconds 
========================================================================
Received Import Request.
  Time since last request: 0.000019 seconds.
  path: Assets/pbr_textures/textures/height.psd
  artifactKey: Guid(9a50f38d2c090e44aa7418215ef8db22) Importer(815301076,1909f56bfc062723c751e8b465ee728b)
Start importing Assets/pbr_textures/textures/height.psd using Guid(9a50f38d2c090e44aa7418215ef8db22) Importer(815301076,1909f56bfc062723c751e8b465ee728b)  -> (artifact id: '9c728c9fe01048e75b39b1a9ff0f470c') in 0.018477 seconds 
========================================================================
Received Import Request.
  Time since last request: 0.000022 seconds.
  path: Assets/pbr_textures/textures/normal.psd
  artifactKey: Guid(cf6e5b0bb3cdff240a3ad2785ae037f8) Importer(815301076,1909f56bfc062723c751e8b465ee728b)
Start importing Assets/pbr_textures/textures/normal.psd using Guid(cf6e5b0bb3cdff240a3ad2785ae037f8) Importer(815301076,1909f56bfc062723c751e8b465ee728b)  -> (artifact id: 'df9903c9fd5b156001fc4f68fe6967b2') in 0.012430 seconds 
