Using pre-set license
Built from '2021.3/staging' branch; Version is '2021.3.15f1 (e8e88683f834) revision 15263878'; Using compiler version '192829333'; Build Type 'Release'
OS: 'Windows 10  (10.0.19044) 64bit Professional' Language: 'de' Physical Memory: 32694 MB
BatchMode: 1, IsHumanControllingUs: 0, StartBugReporterOnCrash: 0, Is64bit: 1, IsPro: 1

COMMAND LINE ARGUMENTS:
C:\Program Files\Unity\Hub\Editor\2021.3.15f1\Editor\Unity.exe
-adb2
-batchMode
-noUpm
-name
AssetImportWorker3
-projectPath
D:/Development/UnityProjects/MyTestProject/quizparty/Spielfeld
-logFile
Logs/AssetImportWorker3.log
-srvPort
57777
Successfully changed project path to: D:/Development/UnityProjects/MyTestProject/quizparty/Spielfeld
D:/Development/UnityProjects/MyTestProject/quizparty/Spielfeld
[UnityMemory] Configuration Parameters - Can be set up in boot.config
    "memorysetup-bucket-allocator-granularity=16"
    "memorysetup-bucket-allocator-bucket-count=8"
    "memorysetup-bucket-allocator-block-size=33554432"
    "memorysetup-bucket-allocator-block-count=8"
    "memorysetup-main-allocator-block-size=16777216"
    "memorysetup-thread-allocator-block-size=16777216"
    "memorysetup-gfx-main-allocator-block-size=16777216"
    "memorysetup-gfx-thread-allocator-block-size=16777216"
    "memorysetup-cache-allocator-block-size=4194304"
    "memorysetup-typetree-allocator-block-size=2097152"
    "memorysetup-profiler-bucket-allocator-granularity=16"
    "memorysetup-profiler-bucket-allocator-bucket-count=8"
    "memorysetup-profiler-bucket-allocator-block-size=33554432"
    "memorysetup-profiler-bucket-allocator-block-count=8"
    "memorysetup-profiler-allocator-block-size=16777216"
    "memorysetup-profiler-editor-allocator-block-size=1048576"
    "memorysetup-temp-allocator-size-main=16777216"
    "memorysetup-job-temp-allocator-block-size=2097152"
    "memorysetup-job-temp-allocator-block-size-background=1048576"
    "memorysetup-job-temp-allocator-reduction-small-platforms=262144"
    "memorysetup-temp-allocator-size-background-worker=32768"
    "memorysetup-temp-allocator-size-job-worker=262144"
    "memorysetup-temp-allocator-size-preload-manager=33554432"
    "memorysetup-temp-allocator-size-nav-mesh-worker=65536"
    "memorysetup-temp-allocator-size-audio-worker=65536"
    "memorysetup-temp-allocator-size-cloud-worker=32768"
    "memorysetup-temp-allocator-size-gi-baking-worker=262144"
    "memorysetup-temp-allocator-size-gfx=262144"
Player connection [1804] Host "[IP] 192.168.178.72 [Port] 0 [Flags] 2 [Guid] 1818853110 [EditorId] 1818853110 [Version] 1048832 [Id] WindowsEditor(7,DESKTOP-VG55BOI) [Debug] 1 [PackageName] WindowsEditor [ProjectName] Editor" joined multi-casting on [225.0.0.222:54997]...

Player connection [1804] Host "[IP] 192.168.178.72 [Port] 0 [Flags] 2 [Guid] 1818853110 [EditorId] 1818853110 [Version] 1048832 [Id] WindowsEditor(7,DESKTOP-VG55BOI) [Debug] 1 [PackageName] WindowsEditor [ProjectName] Editor" joined alternative multi-casting on [225.0.0.222:34997]...

Refreshing native plugins compatible for Editor in 72.16 ms, found 3 plugins.
Preloading 0 native plugins for Editor in 0.00 ms.
Initialize engine version: 2021.3.15f1 (e8e88683f834)
[Subsystems] Discovering subsystems at path C:/Program Files/Unity/Hub/Editor/2021.3.15f1/Editor/Data/Resources/UnitySubsystems
[Subsystems] Discovering subsystems at path D:/Development/UnityProjects/MyTestProject/quizparty/Spielfeld/Assets
GfxDevice: creating device client; threaded=0; jobified=0
Direct3D:
    Version:  Direct3D 11.0 [level 11.1]
    Renderer: NVIDIA GeForce RTX 3080 (ID=0x2206)
    Vendor:   NVIDIA
    VRAM:     10077 MB
    Driver:   31.0.15.1694
Initialize mono
Mono path[0] = 'C:/Program Files/Unity/Hub/Editor/2021.3.15f1/Editor/Data/Managed'
Mono path[1] = 'C:/Program Files/Unity/Hub/Editor/2021.3.15f1/Editor/Data/MonoBleedingEdge/lib/mono/unityjit-win32'
Mono config path = 'C:/Program Files/Unity/Hub/Editor/2021.3.15f1/Editor/Data/MonoBleedingEdge/etc'
Using monoOptions --debugger-agent=transport=dt_socket,embedding=1,server=y,suspend=n,address=127.0.0.1:56488
Begin MonoManager ReloadAssembly
Registering precompiled unity dll's ...
Register platform support module: C:/Program Files/Unity/Hub/Editor/2021.3.15f1/Editor/Data/PlaybackEngines/WindowsStandaloneSupport/UnityEditor.WindowsStandalone.Extensions.dll
Registered in 0.004724 seconds.
Native extension for WindowsStandalone target not found
Refreshing native plugins compatible for Editor in 68.52 ms, found 3 plugins.
Preloading 0 native plugins for Editor in 0.00 ms.
Mono: successfully reloaded assembly
- Completed reload, in  0.485 seconds
Domain Reload Profiling:
	ReloadAssembly (486ms)
		BeginReloadAssembly (52ms)
			ExecutionOrderSort (0ms)
			DisableScriptedObjects (0ms)
			BackupInstance (0ms)
			ReleaseScriptingObjects (0ms)
			CreateAndSetChildDomain (1ms)
		EndReloadAssembly (354ms)
			LoadAssemblies (50ms)
			RebuildTransferFunctionScriptingTraits (0ms)
			SetupTypeCache (72ms)
			ReleaseScriptCaches (0ms)
			RebuildScriptCaches (21ms)
			SetupLoadedEditorAssemblies (223ms)
				LogAssemblyErrors (0ms)
				InitializePlatformSupportModulesInManaged (7ms)
				SetLoadedEditorAssemblies (0ms)
				RefreshPlugins (69ms)
				BeforeProcessingInitializeOnLoad (1ms)
				ProcessInitializeOnLoadAttributes (111ms)
				ProcessInitializeOnLoadMethodAttributes (35ms)
				AfterProcessingInitializeOnLoad (0ms)
				EditorAssembliesLoaded (0ms)
			ExecutionOrderSort2 (0ms)
			AwakeInstancesAfterBackupRestoration (0ms)
Platform modules already initialized, skipping
Registering precompiled user dll's ...
Registered in 0.003662 seconds.
Begin MonoManager ReloadAssembly
Symbol file LoadedFromMemory doesn't match image D:\Development\UnityProjects\MyTestProject\quizparty\Spielfeld\Library\PackageCache\com.unity.visualscripting@1.7.8\Editor\VisualScripting.Core\Dependencies\YamlDotNet\Unity.VisualScripting.YamlDotNet.dll
Symbol file LoadedFromMemory doesn't match image D:\Development\UnityProjects\MyTestProject\quizparty\Spielfeld\Library\PackageCache\com.unity.visualscripting@1.7.8\Editor\VisualScripting.Core\Dependencies\DotNetZip\Unity.VisualScripting.IonicZip.dll
Native extension for WindowsStandalone target not found
Refreshing native plugins compatible for Editor in 0.84 ms, found 3 plugins.
Preloading 0 native plugins for Editor in 0.00 ms.
Mono: successfully reloaded assembly
- Completed reload, in  0.769 seconds
Domain Reload Profiling:
	ReloadAssembly (769ms)
		BeginReloadAssembly (85ms)
			ExecutionOrderSort (0ms)
			DisableScriptedObjects (5ms)
			BackupInstance (0ms)
			ReleaseScriptingObjects (0ms)
			CreateAndSetChildDomain (19ms)
		EndReloadAssembly (601ms)
			LoadAssemblies (57ms)
			RebuildTransferFunctionScriptingTraits (0ms)
			SetupTypeCache (194ms)
			ReleaseScriptCaches (1ms)
			RebuildScriptCaches (35ms)
			SetupLoadedEditorAssemblies (286ms)
				LogAssemblyErrors (0ms)
				InitializePlatformSupportModulesInManaged (4ms)
				SetLoadedEditorAssemblies (0ms)
				RefreshPlugins (1ms)
				BeforeProcessingInitializeOnLoad (65ms)
				ProcessInitializeOnLoadAttributes (189ms)
				ProcessInitializeOnLoadMethodAttributes (20ms)
				AfterProcessingInitializeOnLoad (5ms)
				EditorAssembliesLoaded (0ms)
			ExecutionOrderSort2 (0ms)
			AwakeInstancesAfterBackupRestoration (4ms)
Platform modules already initialized, skipping
========================================================================
Worker process is ready to serve import requests
Launched and connected shader compiler UnityShaderCompiler.exe after 0.04 seconds
Refreshing native plugins compatible for Editor in 0.82 ms, found 3 plugins.
Preloading 0 native plugins for Editor in 0.00 ms.
Unloading 3385 Unused Serialized files (Serialized files now loaded: 0)
Unloading 27 unused Assets / (113.8 KB). Loaded Objects now: 3845.
Memory consumption went from 192.4 MB to 192.3 MB.
Total: 3.077800 ms (FindLiveObjects: 0.221100 ms CreateObjectMapping: 0.122600 ms MarkObjects: 2.570300 ms  DeleteObjects: 0.163100 ms)

AssetImportParameters requested are different than current active one (requested -> active):
  custom:video-decoder-ogg-theora: a1e56fd34408186e4bbccfd4996cb3dc -> 
  custom:container-muxer-webm: aa71ff27fc2769a1b78a27578f13a17b -> 
  custom:container-demuxer-webm: 4f35f7cbe854078d1ac9338744f61a02 -> 
  custom:video-encoder-webm-vp8: eb34c28f22e8b96e1ab97ce403110664 -> 
  custom:audio-encoder-webm-vorbis: bf7c407c2cedff20999df2af8eb42d56 -> 
  custom:framework-win-MediaFoundation: 216162199b28c13a410421893ffa2e32 -> 
  custom:container-demuxer-ogg: 62fdf1f143b41e24485cea50d1cbac27 -> 
  custom:video-decoder-webm-vp8: 9c59270c3fd7afecdb556c50c9e8de78 -> 
  custom:audio-decoder-ogg-vorbis: bf7c407c2cedff20999df2af8eb42d56 -> 
========================================================================
Received Import Request.
  Time since last request: 93490.938611 seconds.
  path: Assets/BrokenVector/LowPolyTreePack/Prefabs/Tree Type0 03.prefab
  artifactKey: Guid(d537224908c5f444f86c9e57e0c7234c) Importer(815301076,1909f56bfc062723c751e8b465ee728b)
Start importing Assets/BrokenVector/LowPolyTreePack/Prefabs/Tree Type0 03.prefab using Guid(d537224908c5f444f86c9e57e0c7234c) Importer(815301076,1909f56bfc062723c751e8b465ee728b)  -> (artifact id: '0406a0995f33d3667866fb49747631ec') in 0.117591 seconds 
========================================================================
Received Import Request.
  Time since last request: 0.000022 seconds.
  path: Assets/BrokenVector/LowPolyTreePack/Prefabs/Tree Type5 04.prefab
  artifactKey: Guid(1e4e7284c1efd5f4eb702c799353072c) Importer(815301076,1909f56bfc062723c751e8b465ee728b)
Start importing Assets/BrokenVector/LowPolyTreePack/Prefabs/Tree Type5 04.prefab using Guid(1e4e7284c1efd5f4eb702c799353072c) Importer(815301076,1909f56bfc062723c751e8b465ee728b)  -> (artifact id: '8d7326d5b67ce95df51a70757c493129') in 0.015451 seconds 
========================================================================
Received Import Request.
  Time since last request: 0.000032 seconds.
  path: Assets/BrokenVector/LowPolyTreePack/Prefabs/Tree Type4 02.prefab
  artifactKey: Guid(38ade0ba7c293f14a9b1b610879e9390) Importer(815301076,1909f56bfc062723c751e8b465ee728b)
Start importing Assets/BrokenVector/LowPolyTreePack/Prefabs/Tree Type4 02.prefab using Guid(38ade0ba7c293f14a9b1b610879e9390) Importer(815301076,1909f56bfc062723c751e8b465ee728b)  -> (artifact id: '92e087bc83449c18c2162f72cfc24c03') in 0.009731 seconds 
========================================================================
Received Import Request.
  Time since last request: 0.000016 seconds.
  path: Assets/BrokenVector/LowPolyTreePack/Prefabs/Tree Type2 02.prefab
  artifactKey: Guid(5037d6ea184d2f640bf78dcf9894a269) Importer(815301076,1909f56bfc062723c751e8b465ee728b)
Start importing Assets/BrokenVector/LowPolyTreePack/Prefabs/Tree Type2 02.prefab using Guid(5037d6ea184d2f640bf78dcf9894a269) Importer(815301076,1909f56bfc062723c751e8b465ee728b)  -> (artifact id: '948e2d1af04a4a71fd635b74cf72d586') in 0.017742 seconds 
========================================================================
Received Import Request.
  Time since last request: 0.000021 seconds.
  path: Assets/BrokenVector/LowPolyTreePack/Prefabs/Tree Type6 04.prefab
  artifactKey: Guid(eed418c5a3c80d448b4cdbe594ebe3c5) Importer(815301076,1909f56bfc062723c751e8b465ee728b)
Start importing Assets/BrokenVector/LowPolyTreePack/Prefabs/Tree Type6 04.prefab using Guid(eed418c5a3c80d448b4cdbe594ebe3c5) Importer(815301076,1909f56bfc062723c751e8b465ee728b)  -> (artifact id: 'babdd54f66e3b6cab63ec3e1eb7c3254') in 0.013126 seconds 
========================================================================
Received Import Request.
  Time since last request: 0.000021 seconds.
  path: Assets/BrokenVector/LowPolyTreePack/Prefabs/Tree Type7 03.prefab
  artifactKey: Guid(2327ed4809c34cf4c97a5316db3d4796) Importer(815301076,1909f56bfc062723c751e8b465ee728b)
Start importing Assets/BrokenVector/LowPolyTreePack/Prefabs/Tree Type7 03.prefab using Guid(2327ed4809c34cf4c97a5316db3d4796) Importer(815301076,1909f56bfc062723c751e8b465ee728b)  -> (artifact id: '0582ec221286adeb4b48edb4430cf92d') in 0.018132 seconds 
========================================================================
Received Import Request.
  Time since last request: 0.000022 seconds.
  path: Assets/BrokenVector/LowPolyTreePack/Prefabs/Tree Type7 02.prefab
  artifactKey: Guid(107cc8771223daf48be99527559937ff) Importer(815301076,1909f56bfc062723c751e8b465ee728b)
Start importing Assets/BrokenVector/LowPolyTreePack/Prefabs/Tree Type7 02.prefab using Guid(107cc8771223daf48be99527559937ff) Importer(815301076,1909f56bfc062723c751e8b465ee728b)  -> (artifact id: '744152aa2033767cbec59fac08f182eb') in 0.013610 seconds 
========================================================================
Received Import Request.
  Time since last request: 0.000022 seconds.
  path: Assets/BrokenVector/LowPolyTreePack/Prefabs/Tree Type5 01.prefab
  artifactKey: Guid(11d469914a0208343b39f04223416f9c) Importer(815301076,1909f56bfc062723c751e8b465ee728b)
Start importing Assets/BrokenVector/LowPolyTreePack/Prefabs/Tree Type5 01.prefab using Guid(11d469914a0208343b39f04223416f9c) Importer(815301076,1909f56bfc062723c751e8b465ee728b)  -> (artifact id: '247216cf09f3e50af2e8e95dcec28072') in 0.010792 seconds 
========================================================================
Received Import Request.
  Time since last request: 5.265157 seconds.
  path: Assets/HurlyBurly/FREE_LowPoly_SubwayEntrance/Prefabs/FREE_SW_ENV_StreetEntrance_01_Lower.prefab
  artifactKey: Guid(55c4e39eded76475a8135f77fe0fd0df) Importer(815301076,1909f56bfc062723c751e8b465ee728b)
Start importing Assets/HurlyBurly/FREE_LowPoly_SubwayEntrance/Prefabs/FREE_SW_ENV_StreetEntrance_01_Lower.prefab using Guid(55c4e39eded76475a8135f77fe0fd0df) Importer(815301076,1909f56bfc062723c751e8b465ee728b)  -> (artifact id: '7fa23cd26635a6e8f253ac529e840e5f') in 0.244250 seconds 
========================================================================
Received Import Request.
  Time since last request: 0.000027 seconds.
  path: Assets/HurlyBurly/FREE_LowPoly_SubwayEntrance/Prefabs/FREE_SW_ENV_StreetEntrance_FreeJunction.prefab
  artifactKey: Guid(5782b766151c54217bad14e4303df043) Importer(815301076,1909f56bfc062723c751e8b465ee728b)
Start importing Assets/HurlyBurly/FREE_LowPoly_SubwayEntrance/Prefabs/FREE_SW_ENV_StreetEntrance_FreeJunction.prefab using Guid(5782b766151c54217bad14e4303df043) Importer(815301076,1909f56bfc062723c751e8b465ee728b)  -> (artifact id: 'fc3fa6d8602e520ef084487d30b38af8') in 0.057719 seconds 
========================================================================
Received Import Request.
  Time since last request: 0.000027 seconds.
  path: Assets/HurlyBurly/FREE_LowPoly_SubwayEntrance/Prefabs/FREE_SW_PROP_Gate_Large.prefab
  artifactKey: Guid(9ea5693c8160149be857eb871dd7c7f3) Importer(815301076,1909f56bfc062723c751e8b465ee728b)
Start importing Assets/HurlyBurly/FREE_LowPoly_SubwayEntrance/Prefabs/FREE_SW_PROP_Gate_Large.prefab using Guid(9ea5693c8160149be857eb871dd7c7f3) Importer(815301076,1909f56bfc062723c751e8b465ee728b)  -> (artifact id: '5d3ceede4d3f5f29be5f5bc10ff713d8') in 0.047336 seconds 
========================================================================
Received Import Request.
  Time since last request: 0.000020 seconds.
  path: Assets/HurlyBurly/FREE_LowPoly_SubwayEntrance/Prefabs/FREE_SW_ENV_StreetEntrance_01_SidewalkCollar.prefab
  artifactKey: Guid(d11dd012b26204e6b970556bd45d19c8) Importer(815301076,1909f56bfc062723c751e8b465ee728b)
Start importing Assets/HurlyBurly/FREE_LowPoly_SubwayEntrance/Prefabs/FREE_SW_ENV_StreetEntrance_01_SidewalkCollar.prefab using Guid(d11dd012b26204e6b970556bd45d19c8) Importer(815301076,1909f56bfc062723c751e8b465ee728b)  -> (artifact id: 'a507fbd092c6c20fff03a5427159112f') in 0.022592 seconds 
========================================================================
Received Import Request.
  Time since last request: 9.440199 seconds.
  path: Assets/Park/Prefabs/Boat.prefab
  artifactKey: Guid(ff8cc0a917ea2aa4b9a824a1671a0b2f) Importer(815301076,1909f56bfc062723c751e8b465ee728b)
Start importing Assets/Park/Prefabs/Boat.prefab using Guid(ff8cc0a917ea2aa4b9a824a1671a0b2f) Importer(815301076,1909f56bfc062723c751e8b465ee728b)  -> (artifact id: 'caf22bd8a70aa9c5dd41a37b40ca85a3') in 0.201758 seconds 
========================================================================
Received Import Request.
  Time since last request: 0.000023 seconds.
  path: Assets/Park/Prefabs/Hovel_Red.prefab
  artifactKey: Guid(9a6f432168909f54dbd6f92a8c660b7f) Importer(815301076,1909f56bfc062723c751e8b465ee728b)
Start importing Assets/Park/Prefabs/Hovel_Red.prefab using Guid(9a6f432168909f54dbd6f92a8c660b7f) Importer(815301076,1909f56bfc062723c751e8b465ee728b)  -> (artifact id: 'e1129e51cc39dbc4dbb060451391f09a') in 0.010505 seconds 
========================================================================
Received Import Request.
  Time since last request: 0.000158 seconds.
  path: Assets/Park/Prefabs/Hovel_Green.prefab
  artifactKey: Guid(b8f2804faabf68e449f70316b2e677ea) Importer(815301076,1909f56bfc062723c751e8b465ee728b)
Start importing Assets/Park/Prefabs/Hovel_Green.prefab using Guid(b8f2804faabf68e449f70316b2e677ea) Importer(815301076,1909f56bfc062723c751e8b465ee728b)  -> (artifact id: '10a36b6280039175c8bc30366601160f') in 0.010164 seconds 
========================================================================
Received Import Request.
  Time since last request: 0.000018 seconds.
  path: Assets/Park/Prefabs/Tree_3.prefab
  artifactKey: Guid(c8a2cf893b362b14784799d9219265da) Importer(815301076,1909f56bfc062723c751e8b465ee728b)
Start importing Assets/Park/Prefabs/Tree_3.prefab using Guid(c8a2cf893b362b14784799d9219265da) Importer(815301076,1909f56bfc062723c751e8b465ee728b)  -> (artifact id: '5d2f5627964c0ceb04b77c83aac193af') in 0.011915 seconds 
========================================================================
Received Import Request.
  Time since last request: 0.000024 seconds.
  path: Assets/Park/Prefabs/FanceConnector.prefab
  artifactKey: Guid(d6a53a0edb1ca654fa47280067859a4e) Importer(815301076,1909f56bfc062723c751e8b465ee728b)
Start importing Assets/Park/Prefabs/FanceConnector.prefab using Guid(d6a53a0edb1ca654fa47280067859a4e) Importer(815301076,1909f56bfc062723c751e8b465ee728b)  -> (artifact id: 'c43ece311a72e36ab07f8089aa18501d') in 0.012835 seconds 
========================================================================
Received Import Request.
  Time since last request: 0.000022 seconds.
  path: Assets/Park/Prefabs/Tile_High.prefab
  artifactKey: Guid(14d1d0f1dd03442499345d950f90196f) Importer(815301076,1909f56bfc062723c751e8b465ee728b)
Start importing Assets/Park/Prefabs/Tile_High.prefab using Guid(14d1d0f1dd03442499345d950f90196f) Importer(815301076,1909f56bfc062723c751e8b465ee728b)  -> (artifact id: '028f74223622d4b0af4e49bbf02c99c5') in 0.012357 seconds 
========================================================================
Received Import Request.
  Time since last request: 0.000021 seconds.
  path: Assets/Park/Prefabs/Tile_Area.prefab
  artifactKey: Guid(f7091bdeb24aa4c4497978d79b103410) Importer(815301076,1909f56bfc062723c751e8b465ee728b)
Start importing Assets/Park/Prefabs/Tile_Area.prefab using Guid(f7091bdeb24aa4c4497978d79b103410) Importer(815301076,1909f56bfc062723c751e8b465ee728b)  -> (artifact id: 'd0cb766df577c621e45cda09c92f4771') in 0.010669 seconds 
========================================================================
Received Import Request.
  Time since last request: 0.000024 seconds.
  path: Assets/Park/Prefabs/WaterTile..prefab
  artifactKey: Guid(596b9f04dd2edb948b985d656a3567ea) Importer(815301076,1909f56bfc062723c751e8b465ee728b)
Start importing Assets/Park/Prefabs/WaterTile..prefab using Guid(596b9f04dd2edb948b985d656a3567ea) Importer(815301076,1909f56bfc062723c751e8b465ee728b)  -> (artifact id: '0a759ad2868aafdf7408f5219b4d71cb') in 0.011749 seconds 
========================================================================
Received Import Request.
  Time since last request: 0.000028 seconds.
  path: Assets/Park/Prefabs/Trassh Bin.prefab
  artifactKey: Guid(00d08a984a77d7e43b1a3547211f47d5) Importer(815301076,1909f56bfc062723c751e8b465ee728b)
Start importing Assets/Park/Prefabs/Trassh Bin.prefab using Guid(00d08a984a77d7e43b1a3547211f47d5) Importer(815301076,1909f56bfc062723c751e8b465ee728b)  -> (artifact id: 'ff6503a55388af15033514fa45518631') in 0.011534 seconds 
========================================================================
Received Import Request.
  Time since last request: 0.000018 seconds.
  path: Assets/Park/Prefabs/Tree_5_Autumn.prefab
  artifactKey: Guid(a9180ddcd15c1874fa2dee25085cc1a6) Importer(815301076,1909f56bfc062723c751e8b465ee728b)
Start importing Assets/Park/Prefabs/Tree_5_Autumn.prefab using Guid(a9180ddcd15c1874fa2dee25085cc1a6) Importer(815301076,1909f56bfc062723c751e8b465ee728b)  -> (artifact id: '902b4cc449c8eae4383837ebfae5132b') in 0.012097 seconds 
========================================================================
Received Import Request.
  Time since last request: 0.000036 seconds.
  path: Assets/Park/Prefabs/Tile_Area2.prefab
  artifactKey: Guid(c452498b6d5c5d44397ef9fae1436b07) Importer(815301076,1909f56bfc062723c751e8b465ee728b)
Start importing Assets/Park/Prefabs/Tile_Area2.prefab using Guid(c452498b6d5c5d44397ef9fae1436b07) Importer(815301076,1909f56bfc062723c751e8b465ee728b)  -> (artifact id: 'ca54829e2b592f9543bff62d62c089ba') in 0.009796 seconds 
========================================================================
Received Import Request.
  Time since last request: 0.000015 seconds.
  path: Assets/Park/Prefabs/Fountain1.prefab
  artifactKey: Guid(3aea2b1d4d0db3542af1e9d3474cf6fe) Importer(815301076,1909f56bfc062723c751e8b465ee728b)
Start importing Assets/Park/Prefabs/Fountain1.prefab using Guid(3aea2b1d4d0db3542af1e9d3474cf6fe) Importer(815301076,1909f56bfc062723c751e8b465ee728b)  -> (artifact id: '9581db8d804e9409e839cc38ae5a6a17') in 0.011300 seconds 
========================================================================
Received Import Request.
  Time since last request: 0.000022 seconds.
  path: Assets/Park/Prefabs/Fence_0.prefab
  artifactKey: Guid(a5eed1cf4e0dbcb44a9092a7ba5e87c7) Importer(815301076,1909f56bfc062723c751e8b465ee728b)
Start importing Assets/Park/Prefabs/Fence_0.prefab using Guid(a5eed1cf4e0dbcb44a9092a7ba5e87c7) Importer(815301076,1909f56bfc062723c751e8b465ee728b)  -> (artifact id: '6ef846bc234d96cd2f357b1461479f43') in 0.011653 seconds 
========================================================================
Received Import Request.
  Time since last request: 0.000023 seconds.
  path: Assets/Park/Prefabs/Tree_4_Autumn.prefab
  artifactKey: Guid(bcc0a35f1415b2745a222e14393d4318) Importer(815301076,1909f56bfc062723c751e8b465ee728b)
Start importing Assets/Park/Prefabs/Tree_4_Autumn.prefab using Guid(bcc0a35f1415b2745a222e14393d4318) Importer(815301076,1909f56bfc062723c751e8b465ee728b)  -> (artifact id: '9c503380a6674bca917b21a5149383cc') in 0.011783 seconds 
========================================================================
Received Import Request.
  Time since last request: 25.357795 seconds.
  path: Assets/Park Assets/Prefab/Cloud.prefab
  artifactKey: Guid(167eea3bc677b924a931082264cd3fbb) Importer(815301076,1909f56bfc062723c751e8b465ee728b)
Start importing Assets/Park Assets/Prefab/Cloud.prefab using Guid(167eea3bc677b924a931082264cd3fbb) Importer(815301076,1909f56bfc062723c751e8b465ee728b)  -> (artifact id: '61fe0d4f2a0aa66684e094fb5fabbb02') in 0.011388 seconds 
========================================================================
Received Import Request.
  Time since last request: 0.000017 seconds.
  path: Assets/Park Assets/Prefab/Tree2.prefab
  artifactKey: Guid(cf28a4dd9a1a5b948a40dd44a4392f11) Importer(815301076,1909f56bfc062723c751e8b465ee728b)
Start importing Assets/Park Assets/Prefab/Tree2.prefab using Guid(cf28a4dd9a1a5b948a40dd44a4392f11) Importer(815301076,1909f56bfc062723c751e8b465ee728b)  -> (artifact id: '833f881ff61b3d10eb5a345290ff654d') in 0.038754 seconds 
========================================================================
Received Import Request.
  Time since last request: 0.000015 seconds.
  path: Assets/Park Assets/Prefab/Stone_Path_TPart.prefab
  artifactKey: Guid(c5781e87846ceb645852c2040bdb020b) Importer(815301076,1909f56bfc062723c751e8b465ee728b)
Start importing Assets/Park Assets/Prefab/Stone_Path_TPart.prefab using Guid(c5781e87846ceb645852c2040bdb020b) Importer(815301076,1909f56bfc062723c751e8b465ee728b)  -> (artifact id: '234294c3b639c0543ffa96f5c5762dd1') in 0.051817 seconds 
========================================================================
Received Import Request.
  Time since last request: 0.000016 seconds.
  path: Assets/Park Assets/Prefab/Flower_1.prefab
  artifactKey: Guid(8d371c1d43d56e94b93bffa2f926a5f1) Importer(815301076,1909f56bfc062723c751e8b465ee728b)
Start importing Assets/Park Assets/Prefab/Flower_1.prefab using Guid(8d371c1d43d56e94b93bffa2f926a5f1) Importer(815301076,1909f56bfc062723c751e8b465ee728b)  -> (artifact id: '71696f7099604f823ab8c6426c963bfd') in 0.037038 seconds 
========================================================================
Received Import Request.
  Time since last request: 0.000021 seconds.
  path: Assets/Park Assets/Prefab/Hill_01.prefab
  artifactKey: Guid(620dfba8ed3cda6499892978b040ee38) Importer(815301076,1909f56bfc062723c751e8b465ee728b)
Start importing Assets/Park Assets/Prefab/Hill_01.prefab using Guid(620dfba8ed3cda6499892978b040ee38) Importer(815301076,1909f56bfc062723c751e8b465ee728b)  -> (artifact id: '3b1e8465dbe1ae75ddec9b28b99d3bf9') in 0.067655 seconds 
========================================================================
Received Import Request.
  Time since last request: 0.000025 seconds.
  path: Assets/Park Assets/Prefab/Stone2.prefab
  artifactKey: Guid(79545157ec163ca42a69410e962f7c1b) Importer(815301076,1909f56bfc062723c751e8b465ee728b)
Start importing Assets/Park Assets/Prefab/Stone2.prefab using Guid(79545157ec163ca42a69410e962f7c1b) Importer(815301076,1909f56bfc062723c751e8b465ee728b)  -> (artifact id: '7150fffe845f12be551d35469e23d6ce') in 0.110681 seconds 
========================================================================
Received Import Request.
  Time since last request: 6.528144 seconds.
  path: Assets/Pure Poly/Free Low Poly Nature Pack/Prefabs/PP_Daffodil_03.prefab
  artifactKey: Guid(13dd10d6717971d4ea9125d158299b1e) Importer(815301076,1909f56bfc062723c751e8b465ee728b)
Start importing Assets/Pure Poly/Free Low Poly Nature Pack/Prefabs/PP_Daffodil_03.prefab using Guid(13dd10d6717971d4ea9125d158299b1e) Importer(815301076,1909f56bfc062723c751e8b465ee728b)  -> (artifact id: '019f0f2356c1778935179f45c837da33') in 0.009358 seconds 
========================================================================
Received Import Request.
  Time since last request: 0.000018 seconds.
  path: Assets/Pure Poly/Free Low Poly Nature Pack/Prefabs/PP_Mushroom_Fantasy_Orange_09.prefab
  artifactKey: Guid(0ab22827d0f3f0b40a97e9430d684283) Importer(815301076,1909f56bfc062723c751e8b465ee728b)
Start importing Assets/Pure Poly/Free Low Poly Nature Pack/Prefabs/PP_Mushroom_Fantasy_Orange_09.prefab using Guid(0ab22827d0f3f0b40a97e9430d684283) Importer(815301076,1909f56bfc062723c751e8b465ee728b)  -> (artifact id: 'b6b8e606dbdd41ba2449789c041a5745') in 0.010757 seconds 
========================================================================
Received Import Request.
  Time since last request: 0.000030 seconds.
  path: Assets/Pure Poly/Free Low Poly Nature Pack/Prefabs/PP_Mushroom_Fantasy_Purple_05.prefab
  artifactKey: Guid(d354c41a99993964baca0254487708d1) Importer(815301076,1909f56bfc062723c751e8b465ee728b)
Start importing Assets/Pure Poly/Free Low Poly Nature Pack/Prefabs/PP_Mushroom_Fantasy_Purple_05.prefab using Guid(d354c41a99993964baca0254487708d1) Importer(815301076,1909f56bfc062723c751e8b465ee728b)  -> (artifact id: '823df8b84306bd28464d9963fc97c730') in 0.012162 seconds 
========================================================================
Received Import Request.
  Time since last request: 0.000043 seconds.
  path: Assets/Pure Poly/Free Low Poly Nature Pack/Prefabs/PP_Rock_Moss_Grown_09.prefab
  artifactKey: Guid(24457fdf8e66c3c49b7599931e0fdcb2) Importer(815301076,1909f56bfc062723c751e8b465ee728b)
Start importing Assets/Pure Poly/Free Low Poly Nature Pack/Prefabs/PP_Rock_Moss_Grown_09.prefab using Guid(24457fdf8e66c3c49b7599931e0fdcb2) Importer(815301076,1909f56bfc062723c751e8b465ee728b)  -> (artifact id: '13f2baf7a73292e5078d283bd078eba5') in 0.009943 seconds 
========================================================================
Received Import Request.
  Time since last request: 0.000021 seconds.
  path: Assets/Pure Poly/Free Low Poly Nature Pack/Prefabs/PP_Mushroom_Fantasy_Orange_10.prefab
  artifactKey: Guid(eae42a57b046b1a42a79ae6319bccca3) Importer(815301076,1909f56bfc062723c751e8b465ee728b)
Start importing Assets/Pure Poly/Free Low Poly Nature Pack/Prefabs/PP_Mushroom_Fantasy_Orange_10.prefab using Guid(eae42a57b046b1a42a79ae6319bccca3) Importer(815301076,1909f56bfc062723c751e8b465ee728b)  -> (artifact id: '8b7071f453d1793ff205a350520151b7') in 0.011324 seconds 
========================================================================
Received Import Request.
  Time since last request: 0.000022 seconds.
  path: Assets/Pure Poly/Free Low Poly Nature Pack/Prefabs/PP_Forest_Mountain_Moss_02.prefab
  artifactKey: Guid(034023ff02a37fc47aab6bc6c49bf15b) Importer(815301076,1909f56bfc062723c751e8b465ee728b)
Start importing Assets/Pure Poly/Free Low Poly Nature Pack/Prefabs/PP_Forest_Mountain_Moss_02.prefab using Guid(034023ff02a37fc47aab6bc6c49bf15b) Importer(815301076,1909f56bfc062723c751e8b465ee728b)  -> (artifact id: '7578cdce86f9c7d966153d31ee58d49f') in 0.011220 seconds 
========================================================================
Received Import Request.
  Time since last request: 0.000033 seconds.
  path: Assets/Pure Poly/Free Low Poly Nature Pack/Prefabs/PP_Mushroom_Fantasy_Purple_08.prefab
  artifactKey: Guid(d3ee913ed32937344b0587e70dc777a2) Importer(815301076,1909f56bfc062723c751e8b465ee728b)
Start importing Assets/Pure Poly/Free Low Poly Nature Pack/Prefabs/PP_Mushroom_Fantasy_Purple_08.prefab using Guid(d3ee913ed32937344b0587e70dc777a2) Importer(815301076,1909f56bfc062723c751e8b465ee728b)  -> (artifact id: 'f249af5779c89be4e51972c186cc539b') in 0.009074 seconds 
========================================================================
Received Import Request.
  Time since last request: 0.000022 seconds.
  path: Assets/Pure Poly/Free Low Poly Nature Pack/Prefabs/PP_Grass_11.prefab
  artifactKey: Guid(ef62619642b0df743b22dd5120c6ac4d) Importer(815301076,1909f56bfc062723c751e8b465ee728b)
Start importing Assets/Pure Poly/Free Low Poly Nature Pack/Prefabs/PP_Grass_11.prefab using Guid(ef62619642b0df743b22dd5120c6ac4d) Importer(815301076,1909f56bfc062723c751e8b465ee728b)  -> (artifact id: '1e239ea985601eccd179a44643e5a4ca') in 0.010950 seconds 
========================================================================
Received Import Request.
  Time since last request: 4.113188 seconds.
  path: Assets/Simple Vehicle Pack/Prefabs/Car_1.prefab
  artifactKey: Guid(0ae65270c30153049ab49eb3ebf070d6) Importer(815301076,1909f56bfc062723c751e8b465ee728b)
Start importing Assets/Simple Vehicle Pack/Prefabs/Car_1.prefab using Guid(0ae65270c30153049ab49eb3ebf070d6) Importer(815301076,1909f56bfc062723c751e8b465ee728b)  -> (artifact id: 'f45aaaa8a2f4d2861f01145ad932e2da') in 0.078446 seconds 
========================================================================
Received Import Request.
  Time since last request: 0.000023 seconds.
  path: Assets/Simple Vehicle Pack/Prefabs/Taxi.prefab
  artifactKey: Guid(50477af197889084e8a6d97f2b73b73b) Importer(815301076,1909f56bfc062723c751e8b465ee728b)
Start importing Assets/Simple Vehicle Pack/Prefabs/Taxi.prefab using Guid(50477af197889084e8a6d97f2b73b73b) Importer(815301076,1909f56bfc062723c751e8b465ee728b)  -> (artifact id: '25ce64accdbe23cba8f4e6f894746852') in 0.028352 seconds 
========================================================================
Received Import Request.
  Time since last request: 0.000030 seconds.
  path: Assets/Simple Vehicle Pack/Prefabs/Car_3.prefab
  artifactKey: Guid(512151c1530b99343a884b12ee9c5e1e) Importer(815301076,1909f56bfc062723c751e8b465ee728b)
Start importing Assets/Simple Vehicle Pack/Prefabs/Car_3.prefab using Guid(512151c1530b99343a884b12ee9c5e1e) Importer(815301076,1909f56bfc062723c751e8b465ee728b)  -> (artifact id: '8e7de32f004248c88f3e1247e1b8a676') in 0.025480 seconds 
========================================================================
Received Import Request.
  Time since last request: 0.000029 seconds.
  path: Assets/Simple Vehicle Pack/Prefabs/Police_car.prefab
  artifactKey: Guid(f463242ba59e68243b7a693d4f0cfc18) Importer(815301076,1909f56bfc062723c751e8b465ee728b)
Start importing Assets/Simple Vehicle Pack/Prefabs/Police_car.prefab using Guid(f463242ba59e68243b7a693d4f0cfc18) Importer(815301076,1909f56bfc062723c751e8b465ee728b)  -> (artifact id: '0e01725ed745038d4d5c335fdc1e0724') in 0.022237 seconds 
========================================================================
Received Import Request.
  Time since last request: 0.000024 seconds.
  path: Assets/Simple Vehicle Pack/Prefabs/Car_4.prefab
  artifactKey: Guid(ab26596a331d7ee43a3e9d29e2be9f84) Importer(815301076,1909f56bfc062723c751e8b465ee728b)
Start importing Assets/Simple Vehicle Pack/Prefabs/Car_4.prefab using Guid(ab26596a331d7ee43a3e9d29e2be9f84) Importer(815301076,1909f56bfc062723c751e8b465ee728b)  -> (artifact id: '05bb339497d2abc2f79d46e1c7f78d2d') in 0.030615 seconds 
========================================================================
Received Import Request.
  Time since last request: 0.250229 seconds.
  path: Assets/Simple Vehicle Pack/Prefabs/Mobile/Car_1.prefab
  artifactKey: Guid(1eb894c97da32c940a90228cac9bea1c) Importer(815301076,1909f56bfc062723c751e8b465ee728b)
Start importing Assets/Simple Vehicle Pack/Prefabs/Mobile/Car_1.prefab using Guid(1eb894c97da32c940a90228cac9bea1c) Importer(815301076,1909f56bfc062723c751e8b465ee728b)  -> (artifact id: '162746a32c1e6c332d43ec7829afc810') in 0.064639 seconds 
========================================================================
Received Import Request.
  Time since last request: 0.000025 seconds.
  path: Assets/Simple Vehicle Pack/Prefabs/Mobile/Car_4.prefab
  artifactKey: Guid(558e73634b44f39458a7ea4a8a56976a) Importer(815301076,1909f56bfc062723c751e8b465ee728b)
Start importing Assets/Simple Vehicle Pack/Prefabs/Mobile/Car_4.prefab using Guid(558e73634b44f39458a7ea4a8a56976a) Importer(815301076,1909f56bfc062723c751e8b465ee728b)  -> (artifact id: '6369f8741dec6d100385e44328e82246') in 0.020359 seconds 
========================================================================
Received Import Request.
  Time since last request: 0.000018 seconds.
  path: Assets/Simple Vehicle Pack/Prefabs/Mobile/Car_3.prefab
  artifactKey: Guid(6d56b50e711a5204d9059e0c99b70eda) Importer(815301076,1909f56bfc062723c751e8b465ee728b)
Start importing Assets/Simple Vehicle Pack/Prefabs/Mobile/Car_3.prefab using Guid(6d56b50e711a5204d9059e0c99b70eda) Importer(815301076,1909f56bfc062723c751e8b465ee728b)  -> (artifact id: 'fb9498a10ba71d2aa2aefd6f05eb41d3') in 0.016844 seconds 
========================================================================
Received Import Request.
  Time since last request: 10.908149 seconds.
  path: Assets/SimpleNaturePack/Prefabs/Bush_02.prefab
  artifactKey: Guid(b71b0f8d2f881c743a85228f3030d1cb) Importer(815301076,1909f56bfc062723c751e8b465ee728b)
Start importing Assets/SimpleNaturePack/Prefabs/Bush_02.prefab using Guid(b71b0f8d2f881c743a85228f3030d1cb) Importer(815301076,1909f56bfc062723c751e8b465ee728b)  -> (artifact id: 'e2f88ec0e13f35941a5d13672dda67df') in 0.009068 seconds 
========================================================================
Received Import Request.
  Time since last request: 0.000029 seconds.
  path: Assets/SimpleNaturePack/Prefabs/Grass_01.prefab
  artifactKey: Guid(f1fc5bb90ac285e4486771552d63bcb8) Importer(815301076,1909f56bfc062723c751e8b465ee728b)
Start importing Assets/SimpleNaturePack/Prefabs/Grass_01.prefab using Guid(f1fc5bb90ac285e4486771552d63bcb8) Importer(815301076,1909f56bfc062723c751e8b465ee728b)  -> (artifact id: '5e4feb3357ec852e7fb2f81049cac613') in 0.010406 seconds 
========================================================================
Received Import Request.
  Time since last request: 0.000022 seconds.
  path: Assets/SimpleNaturePack/Prefabs/Tree_01.prefab
  artifactKey: Guid(88f2fd29f58b9734683512546acec310) Importer(815301076,1909f56bfc062723c751e8b465ee728b)
Start importing Assets/SimpleNaturePack/Prefabs/Tree_01.prefab using Guid(88f2fd29f58b9734683512546acec310) Importer(815301076,1909f56bfc062723c751e8b465ee728b)  -> (artifact id: 'd08b1d06304e94d5ba4afe6e7105fd9c') in 0.011655 seconds 
========================================================================
Received Import Request.
  Time since last request: 0.000019 seconds.
  path: Assets/SimpleNaturePack/Prefabs/Ground_03.prefab
  artifactKey: Guid(3f9b178ccd3b86f4ebbfc1f5a2815e56) Importer(815301076,1909f56bfc062723c751e8b465ee728b)
Start importing Assets/SimpleNaturePack/Prefabs/Ground_03.prefab using Guid(3f9b178ccd3b86f4ebbfc1f5a2815e56) Importer(815301076,1909f56bfc062723c751e8b465ee728b)  -> (artifact id: '4345aca21f75afdca4b0fa006b34fab7') in 0.010296 seconds 
========================================================================
Received Import Request.
  Time since last request: 0.000018 seconds.
  path: Assets/SimpleNaturePack/Prefabs/Flowers_01.prefab
  artifactKey: Guid(ac8efb728f1fb9b4092c4df591c827ca) Importer(815301076,1909f56bfc062723c751e8b465ee728b)
Start importing Assets/SimpleNaturePack/Prefabs/Flowers_01.prefab using Guid(ac8efb728f1fb9b4092c4df591c827ca) Importer(815301076,1909f56bfc062723c751e8b465ee728b)  -> (artifact id: '7ab8c57f53fbddfbfe4fc62d430914ec') in 0.011274 seconds 
========================================================================
Received Import Request.
  Time since last request: 0.000019 seconds.
  path: Assets/SimpleNaturePack/Prefabs/Tree_02.prefab
  artifactKey: Guid(e289bf5debb17f6459818c207d781953) Importer(815301076,1909f56bfc062723c751e8b465ee728b)
Start importing Assets/SimpleNaturePack/Prefabs/Tree_02.prefab using Guid(e289bf5debb17f6459818c207d781953) Importer(815301076,1909f56bfc062723c751e8b465ee728b)  -> (artifact id: 'b221231813eabb964a3a2c748962f369') in 0.010242 seconds 
========================================================================
Received Import Request.
  Time since last request: 0.000054 seconds.
  path: Assets/SimpleNaturePack/Prefabs/Rock_01.prefab
  artifactKey: Guid(c6308cb7062fac34e8e50600086b12a1) Importer(815301076,1909f56bfc062723c751e8b465ee728b)
Start importing Assets/SimpleNaturePack/Prefabs/Rock_01.prefab using Guid(c6308cb7062fac34e8e50600086b12a1) Importer(815301076,1909f56bfc062723c751e8b465ee728b)  -> (artifact id: '21637a87cabe5c765403209f6cbc1a1c') in 0.012503 seconds 
========================================================================
Received Import Request.
  Time since last request: 0.000023 seconds.
  path: Assets/SimpleNaturePack/Prefabs/Flowers_02.prefab
  artifactKey: Guid(299e7a1cb6456cf4fa6079cf5978df9b) Importer(815301076,1909f56bfc062723c751e8b465ee728b)
Start importing Assets/SimpleNaturePack/Prefabs/Flowers_02.prefab using Guid(299e7a1cb6456cf4fa6079cf5978df9b) Importer(815301076,1909f56bfc062723c751e8b465ee728b)  -> (artifact id: 'a0fa6e6701f132397570eaf5fc6f8e09') in 0.009621 seconds 
Editor requested this worker to shutdown with reason: Scaling down because of idle timeout
AssetImportWorker is now disconnected from the server
Process exiting
Exiting without the bug reporter. Application will terminate with return code 0