Using pre-set license
Built from '2021.3/release' branch; Version is '2021.3.12f1 (8af3c3e441b1) revision 9106371'; Using compiler version '192829333'; Build Type 'Release'
OS: 'Windows 10  (10.0.19044) 64bit Professional' Language: 'de' Physical Memory: 32694 MB
BatchMode: 1, IsHumanControllingUs: 0, StartBugReporterOnCrash: 0, Is64bit: 1, IsPro: 1

COMMAND LINE ARGUMENTS:
C:\Program Files\Unity\Hub\Editor\2021.3.12f1\Editor\Unity.exe
-adb2
-batchMode
-noUpm
-name
AssetImportWorker3
-projectPath
D:/Development/UnityProjects/MyTestProject/Spielfeld
-logFile
Logs/AssetImportWorker3.log
-srvPort
61712
Successfully changed project path to: D:/Development/UnityProjects/MyTestProject/Spielfeld
D:/Development/UnityProjects/MyTestProject/Spielfeld
[UnityMemory] Configuration Parameters - Can be set up in boot.config
    "memorysetup-bucket-allocator-granularity=16"
    "memorysetup-bucket-allocator-bucket-count=8"
    "memorysetup-bucket-allocator-block-size=33554432"
    "memorysetup-bucket-allocator-block-count=8"
    "memorysetup-main-allocator-block-size=16777216"
    "memorysetup-thread-allocator-block-size=16777216"
    "memorysetup-gfx-main-allocator-block-size=16777216"
    "memorysetup-gfx-thread-allocator-block-size=16777216"
    "memorysetup-cache-allocator-block-size=4194304"
    "memorysetup-typetree-allocator-block-size=2097152"
    "memorysetup-profiler-bucket-allocator-granularity=16"
    "memorysetup-profiler-bucket-allocator-bucket-count=8"
    "memorysetup-profiler-bucket-allocator-block-size=33554432"
    "memorysetup-profiler-bucket-allocator-block-count=8"
    "memorysetup-profiler-allocator-block-size=16777216"
    "memorysetup-profiler-editor-allocator-block-size=1048576"
    "memorysetup-temp-allocator-size-main=16777216"
    "memorysetup-job-temp-allocator-block-size=2097152"
    "memorysetup-job-temp-allocator-block-size-background=1048576"
    "memorysetup-job-temp-allocator-reduction-small-platforms=262144"
    "memorysetup-temp-allocator-size-background-worker=32768"
    "memorysetup-temp-allocator-size-job-worker=262144"
    "memorysetup-temp-allocator-size-preload-manager=33554432"
    "memorysetup-temp-allocator-size-nav-mesh-worker=65536"
    "memorysetup-temp-allocator-size-audio-worker=65536"
    "memorysetup-temp-allocator-size-cloud-worker=32768"
    "memorysetup-temp-allocator-size-gi-baking-worker=262144"
    "memorysetup-temp-allocator-size-gfx=262144"
Refreshing native plugins compatible for Editor in 71.68 ms, found 3 plugins.
Preloading 0 native plugins for Editor in 0.00 ms.
Initialize engine version: 2021.3.12f1 (8af3c3e441b1)
[Subsystems] Discovering subsystems at path C:/Program Files/Unity/Hub/Editor/2021.3.12f1/Editor/Data/Resources/UnitySubsystems
[Subsystems] Discovering subsystems at path D:/Development/UnityProjects/MyTestProject/Spielfeld/Assets
GfxDevice: creating device client; threaded=0; jobified=0
Direct3D:
    Version:  Direct3D 11.0 [level 11.1]
    Renderer: NVIDIA GeForce RTX 3080 (ID=0x2206)
    Vendor:   NVIDIA
    VRAM:     10077 MB
    Driver:   31.0.15.1694
Initialize mono
Mono path[0] = 'C:/Program Files/Unity/Hub/Editor/2021.3.12f1/Editor/Data/Managed'
Mono path[1] = 'C:/Program Files/Unity/Hub/Editor/2021.3.12f1/Editor/Data/MonoBleedingEdge/lib/mono/unityjit-win32'
Mono config path = 'C:/Program Files/Unity/Hub/Editor/2021.3.12f1/Editor/Data/MonoBleedingEdge/etc'
Using monoOptions --debugger-agent=transport=dt_socket,embedding=1,server=y,suspend=n,address=127.0.0.1:56360
Begin MonoManager ReloadAssembly
Registering precompiled unity dll's ...
Register platform support module: C:/Program Files/Unity/Hub/Editor/2021.3.12f1/Editor/Data/PlaybackEngines/WebGLSupport/UnityEditor.WebGL.Extensions.dll
Register platform support module: C:/Program Files/Unity/Hub/Editor/2021.3.12f1/Editor/Data/PlaybackEngines/WindowsStandaloneSupport/UnityEditor.WindowsStandalone.Extensions.dll
Registered in 0.004955 seconds.
Native extension for WindowsStandalone target not found
Native extension for WebGL target not found
Refreshing native plugins compatible for Editor in 59.56 ms, found 3 plugins.
Preloading 0 native plugins for Editor in 0.00 ms.
Mono: successfully reloaded assembly
- Completed reload, in  0.450 seconds
Domain Reload Profiling:
	ReloadAssembly (450ms)
		BeginReloadAssembly (54ms)
			ExecutionOrderSort (0ms)
			DisableScriptedObjects (0ms)
			BackupInstance (0ms)
			ReleaseScriptingObjects (0ms)
			CreateAndSetChildDomain (0ms)
		EndReloadAssembly (321ms)
			LoadAssemblies (53ms)
			RebuildTransferFunctionScriptingTraits (0ms)
			SetupTypeCache (66ms)
			ReleaseScriptCaches (0ms)
			RebuildScriptCaches (19ms)
			SetupLoadedEditorAssemblies (199ms)
				LogAssemblyErrors (0ms)
				InitializePlatformSupportModulesInManaged (7ms)
				SetLoadedEditorAssemblies (0ms)
				RefreshPlugins (60ms)
				BeforeProcessingInitializeOnLoad (1ms)
				ProcessInitializeOnLoadAttributes (101ms)
				ProcessInitializeOnLoadMethodAttributes (31ms)
				AfterProcessingInitializeOnLoad (0ms)
				EditorAssembliesLoaded (0ms)
			ExecutionOrderSort2 (0ms)
			AwakeInstancesAfterBackupRestoration (0ms)
Platform modules already initialized, skipping
Registering precompiled user dll's ...
Registered in 0.003154 seconds.
Begin MonoManager ReloadAssembly
Symbol file LoadedFromMemory doesn't match image D:\Development\UnityProjects\MyTestProject\Spielfeld\Library\PackageCache\com.unity.visualscripting@1.7.8\Editor\VisualScripting.Core\Dependencies\YamlDotNet\Unity.VisualScripting.YamlDotNet.dll
Symbol file LoadedFromMemory doesn't match image D:\Development\UnityProjects\MyTestProject\Spielfeld\Library\PackageCache\com.unity.visualscripting@1.7.8\Editor\VisualScripting.Core\Dependencies\DotNetZip\Unity.VisualScripting.IonicZip.dll
Native extension for WindowsStandalone target not found
Native extension for WebGL target not found
Refreshing native plugins compatible for Editor in 0.67 ms, found 3 plugins.
Preloading 0 native plugins for Editor in 0.00 ms.
Mono: successfully reloaded assembly
- Completed reload, in  0.708 seconds
Domain Reload Profiling:
	ReloadAssembly (708ms)
		BeginReloadAssembly (77ms)
			ExecutionOrderSort (0ms)
			DisableScriptedObjects (4ms)
			BackupInstance (0ms)
			ReleaseScriptingObjects (0ms)
			CreateAndSetChildDomain (15ms)
		EndReloadAssembly (549ms)
			LoadAssemblies (57ms)
			RebuildTransferFunctionScriptingTraits (0ms)
			SetupTypeCache (168ms)
			ReleaseScriptCaches (1ms)
			RebuildScriptCaches (33ms)
			SetupLoadedEditorAssemblies (267ms)
				LogAssemblyErrors (0ms)
				InitializePlatformSupportModulesInManaged (5ms)
				SetLoadedEditorAssemblies (0ms)
				RefreshPlugins (1ms)
				BeforeProcessingInitializeOnLoad (62ms)
				ProcessInitializeOnLoadAttributes (173ms)
				ProcessInitializeOnLoadMethodAttributes (21ms)
				AfterProcessingInitializeOnLoad (5ms)
				EditorAssembliesLoaded (0ms)
			ExecutionOrderSort2 (0ms)
			AwakeInstancesAfterBackupRestoration (4ms)
Platform modules already initialized, skipping
========================================================================
Worker process is ready to serve import requests
Launched and connected shader compiler UnityShaderCompiler.exe after 0.05 seconds
Refreshing native plugins compatible for Editor in 0.68 ms, found 3 plugins.
Preloading 0 native plugins for Editor in 0.00 ms.
Unloading 3381 Unused Serialized files (Serialized files now loaded: 0)
Unloading 27 unused Assets / (113.9 KB). Loaded Objects now: 3839.
Memory consumption went from 116.7 MB to 116.6 MB.
Total: 2.592600 ms (FindLiveObjects: 0.273600 ms CreateObjectMapping: 0.089900 ms MarkObjects: 2.131400 ms  DeleteObjects: 0.096800 ms)

AssetImportParameters requested are different than current active one (requested -> active):
  custom:video-decoder-ogg-theora: a1e56fd34408186e4bbccfd4996cb3dc -> 
  custom:container-muxer-webm: aa71ff27fc2769a1b78a27578f13a17b -> 
  custom:container-demuxer-webm: 4f35f7cbe854078d1ac9338744f61a02 -> 
  custom:video-encoder-webm-vp8: eb34c28f22e8b96e1ab97ce403110664 -> 
  custom:audio-encoder-webm-vorbis: bf7c407c2cedff20999df2af8eb42d56 -> 
  custom:framework-win-MediaFoundation: 216162199b28c13a410421893ffa2e32 -> 
  custom:container-demuxer-ogg: 62fdf1f143b41e24485cea50d1cbac27 -> 
  custom:video-decoder-webm-vp8: 9c59270c3fd7afecdb556c50c9e8de78 -> 
  custom:audio-decoder-ogg-vorbis: bf7c407c2cedff20999df2af8eb42d56 -> 
========================================================================
Received Import Request.
  Time since last request: 66281.689433 seconds.
  path: Assets/Pure Poly/Free Low Poly Nature Pack/Materials/PP_Standard_Material.mat
  artifactKey: Guid(0799a1e95665ef14f8fe2cbcd4ba3dc4) Importer(815301076,1909f56bfc062723c751e8b465ee728b)
Start importing Assets/Pure Poly/Free Low Poly Nature Pack/Materials/PP_Standard_Material.mat using Guid(0799a1e95665ef14f8fe2cbcd4ba3dc4) Importer(815301076,1909f56bfc062723c751e8b465ee728b)  -> (artifact id: '25e1a298eb4ac676480be79c4c4e53b6') in 0.086550 seconds 
========================================================================
Received Import Request.
  Time since last request: 0.408936 seconds.
  path: Assets/Pure Poly/Free Low Poly Nature Pack/Meshes/PP_Birch_Tree_06.fbx
  artifactKey: Guid(ddd36401006c8654eae1d9a6bcd6380d) Importer(815301076,1909f56bfc062723c751e8b465ee728b)
Start importing Assets/Pure Poly/Free Low Poly Nature Pack/Meshes/PP_Birch_Tree_06.fbx using Guid(ddd36401006c8654eae1d9a6bcd6380d) Importer(815301076,1909f56bfc062723c751e8b465ee728b)  -> (artifact id: '061367f7e2fe36cc2b76cb0338d02521') in 0.055078 seconds 
========================================================================
Received Import Request.
  Time since last request: 0.000026 seconds.
  path: Assets/Pure Poly/Free Low Poly Nature Pack/Meshes/PP_Mushroom_Fantasy_Orange_09.fbx
  artifactKey: Guid(43f6c6253561ce74b9f993709176caff) Importer(815301076,1909f56bfc062723c751e8b465ee728b)
Start importing Assets/Pure Poly/Free Low Poly Nature Pack/Meshes/PP_Mushroom_Fantasy_Orange_09.fbx using Guid(43f6c6253561ce74b9f993709176caff) Importer(815301076,1909f56bfc062723c751e8b465ee728b)  -> (artifact id: 'f8fb0aa21ed2997ea35f8f409c00ce7b') in 0.009822 seconds 
========================================================================
Received Import Request.
  Time since last request: 0.000015 seconds.
  path: Assets/Pure Poly/Free Low Poly Nature Pack/Meshes/PP_Grass_15.fbx
  artifactKey: Guid(ac41480a091ee2446a41d386b366ae44) Importer(815301076,1909f56bfc062723c751e8b465ee728b)
Start importing Assets/Pure Poly/Free Low Poly Nature Pack/Meshes/PP_Grass_15.fbx using Guid(ac41480a091ee2446a41d386b366ae44) Importer(815301076,1909f56bfc062723c751e8b465ee728b)  -> (artifact id: '3bc292c07daabe580bddf380a609502e') in 0.010327 seconds 
========================================================================
Received Import Request.
  Time since last request: 0.000013 seconds.
  path: Assets/Pure Poly/Free Low Poly Nature Pack/Meshes/PP_Daffodil_03.fbx
  artifactKey: Guid(4e40842238bcca046a7c50ffff32b019) Importer(815301076,1909f56bfc062723c751e8b465ee728b)
Start importing Assets/Pure Poly/Free Low Poly Nature Pack/Meshes/PP_Daffodil_03.fbx using Guid(4e40842238bcca046a7c50ffff32b019) Importer(815301076,1909f56bfc062723c751e8b465ee728b)  -> (artifact id: '167b1d39f2d98f30ee5d24dbf3689957') in 0.009646 seconds 
========================================================================
Received Import Request.
  Time since last request: 0.000015 seconds.
  path: Assets/Pure Poly/Free Low Poly Nature Pack/Meshes/PP_Meadow_08.fbx
  artifactKey: Guid(08eefc2f613faa34fbb717ac2142af0a) Importer(815301076,1909f56bfc062723c751e8b465ee728b)
Start importing Assets/Pure Poly/Free Low Poly Nature Pack/Meshes/PP_Meadow_08.fbx using Guid(08eefc2f613faa34fbb717ac2142af0a) Importer(815301076,1909f56bfc062723c751e8b465ee728b)  -> (artifact id: 'ceae98ceb9dcff7c34a71968d6e84300') in 0.013843 seconds 
========================================================================
Received Import Request.
  Time since last request: 0.000030 seconds.
  path: Assets/Pure Poly/Free Low Poly Nature Pack/Meshes/PP_Lake_Ground_04.fbx
  artifactKey: Guid(38b178f6a1ea19f4baf761918779b712) Importer(815301076,1909f56bfc062723c751e8b465ee728b)
Start importing Assets/Pure Poly/Free Low Poly Nature Pack/Meshes/PP_Lake_Ground_04.fbx using Guid(38b178f6a1ea19f4baf761918779b712) Importer(815301076,1909f56bfc062723c751e8b465ee728b)  -> (artifact id: '6e9f2350228e7f194b6e7b86f332350b') in 0.026080 seconds 
========================================================================
Received Import Request.
  Time since last request: 0.000015 seconds.
  path: Assets/Pure Poly/Free Low Poly Nature Pack/Meshes/PP_Meadow_07.fbx
  artifactKey: Guid(5d113e0df0acd474cb544e13e9327875) Importer(815301076,1909f56bfc062723c751e8b465ee728b)
Start importing Assets/Pure Poly/Free Low Poly Nature Pack/Meshes/PP_Meadow_07.fbx using Guid(5d113e0df0acd474cb544e13e9327875) Importer(815301076,1909f56bfc062723c751e8b465ee728b)  -> (artifact id: 'a31bd62842454661ee972a9fd23562db') in 0.015609 seconds 
========================================================================
Received Import Request.
  Time since last request: 0.000016 seconds.
  path: Assets/Pure Poly/Free Low Poly Nature Pack/Meshes/PP_Mushroom_Fantasy_Purple_05.fbx
  artifactKey: Guid(7259cce9d7302d44a8f8bf53cb1bc376) Importer(815301076,1909f56bfc062723c751e8b465ee728b)
Start importing Assets/Pure Poly/Free Low Poly Nature Pack/Meshes/PP_Mushroom_Fantasy_Purple_05.fbx using Guid(7259cce9d7302d44a8f8bf53cb1bc376) Importer(815301076,1909f56bfc062723c751e8b465ee728b)  -> (artifact id: '104727c7f89ed0eb6b3f68b159e79dd9') in 0.023569 seconds 
========================================================================
Received Import Request.
  Time since last request: 0.000015 seconds.
  path: Assets/Pure Poly/Free Low Poly Nature Pack/Meshes/PP_Rock_Moss_Grown_11.fbx
  artifactKey: Guid(7ed75b99c26237b4d844c1581c5da1b2) Importer(815301076,1909f56bfc062723c751e8b465ee728b)
Start importing Assets/Pure Poly/Free Low Poly Nature Pack/Meshes/PP_Rock_Moss_Grown_11.fbx using Guid(7ed75b99c26237b4d844c1581c5da1b2) Importer(815301076,1909f56bfc062723c751e8b465ee728b)  -> (artifact id: 'f26beef089ca2dc0cef18866558d2c7b') in 0.020049 seconds 
========================================================================
Received Import Request.
  Time since last request: 0.000015 seconds.
  path: Assets/Pure Poly/Free Low Poly Nature Pack/Meshes/PP_Tree_10.fbx
  artifactKey: Guid(a3ccb41ae53c6bf4bb0a5bfc470bf069) Importer(815301076,1909f56bfc062723c751e8b465ee728b)
Start importing Assets/Pure Poly/Free Low Poly Nature Pack/Meshes/PP_Tree_10.fbx using Guid(a3ccb41ae53c6bf4bb0a5bfc470bf069) Importer(815301076,1909f56bfc062723c751e8b465ee728b)  -> (artifact id: '4e023b721c556d15eb4ec43b08aa52c2') in 0.024637 seconds 
========================================================================
Received Import Request.
  Time since last request: 0.488482 seconds.
  path: Assets/Pure Poly/Free Low Poly Nature Pack/Prefabs/PP_Birch_Tree_06.prefab
  artifactKey: Guid(a2bd798ea40c7e341aa61ad124d95342) Importer(815301076,1909f56bfc062723c751e8b465ee728b)
Start importing Assets/Pure Poly/Free Low Poly Nature Pack/Prefabs/PP_Birch_Tree_06.prefab using Guid(a2bd798ea40c7e341aa61ad124d95342) Importer(815301076,1909f56bfc062723c751e8b465ee728b)  -> (artifact id: '8e21e760bc647107b2b851478f3b6f50') in 0.008255 seconds 
========================================================================
Received Import Request.
  Time since last request: 0.000016 seconds.
  path: Assets/Pure Poly/Free Low Poly Nature Pack/Prefabs/PP_Mushroom_Fantasy_Orange_09.prefab
  artifactKey: Guid(0ab22827d0f3f0b40a97e9430d684283) Importer(815301076,1909f56bfc062723c751e8b465ee728b)
Start importing Assets/Pure Poly/Free Low Poly Nature Pack/Prefabs/PP_Mushroom_Fantasy_Orange_09.prefab using Guid(0ab22827d0f3f0b40a97e9430d684283) Importer(815301076,1909f56bfc062723c751e8b465ee728b)  -> (artifact id: '421de2c6ca0a09cce5a2e799899c8b6d') in 0.008095 seconds 
========================================================================
Received Import Request.
  Time since last request: 0.000017 seconds.
  path: Assets/Pure Poly/Free Low Poly Nature Pack/Prefabs/PP_Meadow_07.prefab
  artifactKey: Guid(cf22a2db10f09a34495e9f83913738c8) Importer(815301076,1909f56bfc062723c751e8b465ee728b)
Start importing Assets/Pure Poly/Free Low Poly Nature Pack/Prefabs/PP_Meadow_07.prefab using Guid(cf22a2db10f09a34495e9f83913738c8) Importer(815301076,1909f56bfc062723c751e8b465ee728b)  -> (artifact id: 'fc6cb7e6e7216110c4dea47c52dc2ec0') in 0.007454 seconds 
========================================================================
Received Import Request.
  Time since last request: 0.000012 seconds.
  path: Assets/Pure Poly/Free Low Poly Nature Pack/Prefabs/PP_Grass_15.prefab
  artifactKey: Guid(b8217b9c1183a5144b666d1dd63980c4) Importer(815301076,1909f56bfc062723c751e8b465ee728b)
Start importing Assets/Pure Poly/Free Low Poly Nature Pack/Prefabs/PP_Grass_15.prefab using Guid(b8217b9c1183a5144b666d1dd63980c4) Importer(815301076,1909f56bfc062723c751e8b465ee728b)  -> (artifact id: '8375ef3b374f161e5ca2d1005a663f38') in 0.009931 seconds 
========================================================================
Received Import Request.
  Time since last request: 0.000016 seconds.
  path: Assets/Pure Poly/Free Low Poly Nature Pack/Prefabs/PP_Rock_Moss_Grown_09.prefab
  artifactKey: Guid(24457fdf8e66c3c49b7599931e0fdcb2) Importer(815301076,1909f56bfc062723c751e8b465ee728b)
Start importing Assets/Pure Poly/Free Low Poly Nature Pack/Prefabs/PP_Rock_Moss_Grown_09.prefab using Guid(24457fdf8e66c3c49b7599931e0fdcb2) Importer(815301076,1909f56bfc062723c751e8b465ee728b)  -> (artifact id: '52b660826906986641f4fdfdd3f04fbe') in 0.006571 seconds 
========================================================================
Received Import Request.
  Time since last request: 0.000017 seconds.
  path: Assets/Pure Poly/Free Low Poly Nature Pack/Prefabs/PP_Rock_Pile_Forest_Moss_05.prefab
  artifactKey: Guid(9a91bc2b0a89c4748a0c5b940bd461a7) Importer(815301076,1909f56bfc062723c751e8b465ee728b)
Start importing Assets/Pure Poly/Free Low Poly Nature Pack/Prefabs/PP_Rock_Pile_Forest_Moss_05.prefab using Guid(9a91bc2b0a89c4748a0c5b940bd461a7) Importer(815301076,1909f56bfc062723c751e8b465ee728b)  -> (artifact id: 'f989b11047758d2cef2146955bed8ca6') in 0.006459 seconds 
========================================================================
Received Import Request.
  Time since last request: 0.000014 seconds.
  path: Assets/Pure Poly/Free Low Poly Nature Pack/Prefabs/PP_Daffodil_03.prefab
  artifactKey: Guid(13dd10d6717971d4ea9125d158299b1e) Importer(815301076,1909f56bfc062723c751e8b465ee728b)
Start importing Assets/Pure Poly/Free Low Poly Nature Pack/Prefabs/PP_Daffodil_03.prefab using Guid(13dd10d6717971d4ea9125d158299b1e) Importer(815301076,1909f56bfc062723c751e8b465ee728b)  -> (artifact id: '5a8c1306dbdbe435c19749cdfe7e5456') in 0.006002 seconds 
========================================================================
Received Import Request.
  Time since last request: 0.000013 seconds.
  path: Assets/Pure Poly/Free Low Poly Nature Pack/Prefabs/PP_Meadow_08.prefab
  artifactKey: Guid(7baba197ce36c92439b423eabaad3737) Importer(815301076,1909f56bfc062723c751e8b465ee728b)
Start importing Assets/Pure Poly/Free Low Poly Nature Pack/Prefabs/PP_Meadow_08.prefab using Guid(7baba197ce36c92439b423eabaad3737) Importer(815301076,1909f56bfc062723c751e8b465ee728b)  -> (artifact id: 'ca9929641ad5a78ba4947ad7d169069b') in 0.007413 seconds 
========================================================================
Received Import Request.
  Time since last request: 0.000014 seconds.
  path: Assets/Pure Poly/Free Low Poly Nature Pack/Prefabs/PP_Forest_Mountain_Moss_02.prefab
  artifactKey: Guid(034023ff02a37fc47aab6bc6c49bf15b) Importer(815301076,1909f56bfc062723c751e8b465ee728b)
Start importing Assets/Pure Poly/Free Low Poly Nature Pack/Prefabs/PP_Forest_Mountain_Moss_02.prefab using Guid(034023ff02a37fc47aab6bc6c49bf15b) Importer(815301076,1909f56bfc062723c751e8b465ee728b)  -> (artifact id: '16c86583f3e6b8d0e9cbdb8ce06d8db3') in 0.009383 seconds 
========================================================================
Received Import Request.
  Time since last request: 0.000014 seconds.
  path: Assets/Pure Poly/Free Low Poly Nature Pack/Prefabs/PP_Mushroom_Fantasy_Purple_08.prefab
  artifactKey: Guid(d3ee913ed32937344b0587e70dc777a2) Importer(815301076,1909f56bfc062723c751e8b465ee728b)
Start importing Assets/Pure Poly/Free Low Poly Nature Pack/Prefabs/PP_Mushroom_Fantasy_Purple_08.prefab using Guid(d3ee913ed32937344b0587e70dc777a2) Importer(815301076,1909f56bfc062723c751e8b465ee728b)  -> (artifact id: 'bd062124cfa6d8195c4a874bc8addaaf') in 0.007312 seconds 
========================================================================
Received Import Request.
  Time since last request: 0.000015 seconds.
  path: Assets/Pure Poly/Free Low Poly Nature Pack/Prefabs/PP_Meadow_Path_05.prefab
  artifactKey: Guid(d5b8de414112a004a82d0437b5f7a780) Importer(815301076,1909f56bfc062723c751e8b465ee728b)
Start importing Assets/Pure Poly/Free Low Poly Nature Pack/Prefabs/PP_Meadow_Path_05.prefab using Guid(d5b8de414112a004a82d0437b5f7a780) Importer(815301076,1909f56bfc062723c751e8b465ee728b)  -> (artifact id: '450aab59e372a57e0634d45e75157ec3') in 0.008707 seconds 
Editor requested this worker to shutdown with reason: Scaling down because of idle timeout
AssetImportWorker is now disconnected from the server
Process exiting
Exiting without the bug reporter. Application will terminate with return code 0