Using pre-set license
Built from '2021.3/release' branch; Version is '2021.3.12f1 (8af3c3e441b1) revision 9106371'; Using compiler version '192829333'; Build Type 'Release'
OS: 'Windows 10  (10.0.19044) 64bit Professional' Language: 'de' Physical Memory: 32694 MB
BatchMode: 1, IsHumanControllingUs: 0, StartBugReporterOnCrash: 0, Is64bit: 1, IsPro: 1

COMMAND LINE ARGUMENTS:
C:\Program Files\Unity\Hub\Editor\2021.3.12f1\Editor\Unity.exe
-adb2
-batchMode
-noUpm
-name
AssetImportWorker2
-projectPath
D:/Development/UnityProjects/MyTestProject/quizparty/Spielfeld
-logFile
Logs/AssetImportWorker2.log
-srvPort
52700
Successfully changed project path to: D:/Development/UnityProjects/MyTestProject/quizparty/Spielfeld
D:/Development/UnityProjects/MyTestProject/quizparty/Spielfeld
[UnityMemory] Configuration Parameters - Can be set up in boot.config
    "memorysetup-bucket-allocator-granularity=16"
    "memorysetup-bucket-allocator-bucket-count=8"
    "memorysetup-bucket-allocator-block-size=33554432"
    "memorysetup-bucket-allocator-block-count=8"
    "memorysetup-main-allocator-block-size=16777216"
    "memorysetup-thread-allocator-block-size=16777216"
    "memorysetup-gfx-main-allocator-block-size=16777216"
    "memorysetup-gfx-thread-allocator-block-size=16777216"
    "memorysetup-cache-allocator-block-size=4194304"
    "memorysetup-typetree-allocator-block-size=2097152"
    "memorysetup-profiler-bucket-allocator-granularity=16"
    "memorysetup-profiler-bucket-allocator-bucket-count=8"
    "memorysetup-profiler-bucket-allocator-block-size=33554432"
    "memorysetup-profiler-bucket-allocator-block-count=8"
    "memorysetup-profiler-allocator-block-size=16777216"
    "memorysetup-profiler-editor-allocator-block-size=1048576"
    "memorysetup-temp-allocator-size-main=16777216"
    "memorysetup-job-temp-allocator-block-size=2097152"
    "memorysetup-job-temp-allocator-block-size-background=1048576"
    "memorysetup-job-temp-allocator-reduction-small-platforms=262144"
    "memorysetup-temp-allocator-size-background-worker=32768"
    "memorysetup-temp-allocator-size-job-worker=262144"
    "memorysetup-temp-allocator-size-preload-manager=33554432"
    "memorysetup-temp-allocator-size-nav-mesh-worker=65536"
    "memorysetup-temp-allocator-size-audio-worker=65536"
    "memorysetup-temp-allocator-size-cloud-worker=32768"
    "memorysetup-temp-allocator-size-gi-baking-worker=262144"
    "memorysetup-temp-allocator-size-gfx=262144"
Refreshing native plugins compatible for Editor in 66.05 ms, found 3 plugins.
Preloading 0 native plugins for Editor in 0.00 ms.
Initialize engine version: 2021.3.12f1 (8af3c3e441b1)
[Subsystems] Discovering subsystems at path C:/Program Files/Unity/Hub/Editor/2021.3.12f1/Editor/Data/Resources/UnitySubsystems
[Subsystems] Discovering subsystems at path D:/Development/UnityProjects/MyTestProject/quizparty/Spielfeld/Assets
GfxDevice: creating device client; threaded=0; jobified=0
Direct3D:
    Version:  Direct3D 11.0 [level 11.1]
    Renderer: NVIDIA GeForce RTX 3080 (ID=0x2206)
    Vendor:   NVIDIA
    VRAM:     10077 MB
    Driver:   31.0.15.1694
Initialize mono
Mono path[0] = 'C:/Program Files/Unity/Hub/Editor/2021.3.12f1/Editor/Data/Managed'
Mono path[1] = 'C:/Program Files/Unity/Hub/Editor/2021.3.12f1/Editor/Data/MonoBleedingEdge/lib/mono/unityjit-win32'
Mono config path = 'C:/Program Files/Unity/Hub/Editor/2021.3.12f1/Editor/Data/MonoBleedingEdge/etc'
Using monoOptions --debugger-agent=transport=dt_socket,embedding=1,server=y,suspend=n,address=127.0.0.1:56232
Begin MonoManager ReloadAssembly
Registering precompiled unity dll's ...
Register platform support module: C:/Program Files/Unity/Hub/Editor/2021.3.12f1/Editor/Data/PlaybackEngines/WebGLSupport/UnityEditor.WebGL.Extensions.dll
Register platform support module: C:/Program Files/Unity/Hub/Editor/2021.3.12f1/Editor/Data/PlaybackEngines/WindowsStandaloneSupport/UnityEditor.WindowsStandalone.Extensions.dll
Registered in 0.005352 seconds.
Native extension for WindowsStandalone target not found
Native extension for WebGL target not found
Refreshing native plugins compatible for Editor in 74.72 ms, found 3 plugins.
Preloading 0 native plugins for Editor in 0.00 ms.
Mono: successfully reloaded assembly
- Completed reload, in  0.510 seconds
Domain Reload Profiling:
	ReloadAssembly (510ms)
		BeginReloadAssembly (54ms)
			ExecutionOrderSort (0ms)
			DisableScriptedObjects (0ms)
			BackupInstance (0ms)
			ReleaseScriptingObjects (0ms)
			CreateAndSetChildDomain (1ms)
		EndReloadAssembly (373ms)
			LoadAssemblies (52ms)
			RebuildTransferFunctionScriptingTraits (0ms)
			SetupTypeCache (78ms)
			ReleaseScriptCaches (0ms)
			RebuildScriptCaches (19ms)
			SetupLoadedEditorAssemblies (239ms)
				LogAssemblyErrors (0ms)
				InitializePlatformSupportModulesInManaged (7ms)
				SetLoadedEditorAssemblies (0ms)
				RefreshPlugins (75ms)
				BeforeProcessingInitializeOnLoad (1ms)
				ProcessInitializeOnLoadAttributes (121ms)
				ProcessInitializeOnLoadMethodAttributes (35ms)
				AfterProcessingInitializeOnLoad (0ms)
				EditorAssembliesLoaded (0ms)
			ExecutionOrderSort2 (0ms)
			AwakeInstancesAfterBackupRestoration (0ms)
Platform modules already initialized, skipping
Registering precompiled user dll's ...
Registered in 0.003191 seconds.
Begin MonoManager ReloadAssembly
Symbol file LoadedFromMemory doesn't match image D:\Development\UnityProjects\MyTestProject\quizparty\Spielfeld\Library\PackageCache\com.unity.visualscripting@1.7.8\Editor\VisualScripting.Core\Dependencies\YamlDotNet\Unity.VisualScripting.YamlDotNet.dll
Symbol file LoadedFromMemory doesn't match image D:\Development\UnityProjects\MyTestProject\quizparty\Spielfeld\Library\PackageCache\com.unity.visualscripting@1.7.8\Editor\VisualScripting.Core\Dependencies\DotNetZip\Unity.VisualScripting.IonicZip.dll
Native extension for WindowsStandalone target not found
Native extension for WebGL target not found
Refreshing native plugins compatible for Editor in 0.74 ms, found 3 plugins.
Preloading 0 native plugins for Editor in 0.00 ms.
Mono: successfully reloaded assembly
- Completed reload, in  0.798 seconds
Domain Reload Profiling:
	ReloadAssembly (798ms)
		BeginReloadAssembly (87ms)
			ExecutionOrderSort (0ms)
			DisableScriptedObjects (4ms)
			BackupInstance (0ms)
			ReleaseScriptingObjects (0ms)
			CreateAndSetChildDomain (19ms)
		EndReloadAssembly (622ms)
			LoadAssemblies (59ms)
			RebuildTransferFunctionScriptingTraits (0ms)
			SetupTypeCache (182ms)
			ReleaseScriptCaches (1ms)
			RebuildScriptCaches (45ms)
			SetupLoadedEditorAssemblies (303ms)
				LogAssemblyErrors (0ms)
				InitializePlatformSupportModulesInManaged (5ms)
				SetLoadedEditorAssemblies (0ms)
				RefreshPlugins (1ms)
				BeforeProcessingInitializeOnLoad (67ms)
				ProcessInitializeOnLoadAttributes (199ms)
				ProcessInitializeOnLoadMethodAttributes (26ms)
				AfterProcessingInitializeOnLoad (5ms)
				EditorAssembliesLoaded (0ms)
			ExecutionOrderSort2 (0ms)
			AwakeInstancesAfterBackupRestoration (4ms)
Platform modules already initialized, skipping
========================================================================
Worker process is ready to serve import requests
Launched and connected shader compiler UnityShaderCompiler.exe after 0.03 seconds
Refreshing native plugins compatible for Editor in 0.83 ms, found 3 plugins.
Preloading 0 native plugins for Editor in 0.00 ms.
Unloading 3405 Unused Serialized files (Serialized files now loaded: 0)
Unloading 27 unused Assets / (113.6 KB). Loaded Objects now: 3865.
Memory consumption went from 193.2 MB to 193.1 MB.
Total: 3.206700 ms (FindLiveObjects: 0.233400 ms CreateObjectMapping: 0.084600 ms MarkObjects: 2.785500 ms  DeleteObjects: 0.102300 ms)

AssetImportParameters requested are different than current active one (requested -> active):
  custom:video-decoder-ogg-theora: a1e56fd34408186e4bbccfd4996cb3dc -> 
  custom:container-muxer-webm: aa71ff27fc2769a1b78a27578f13a17b -> 
  custom:container-demuxer-webm: 4f35f7cbe854078d1ac9338744f61a02 -> 
  custom:video-encoder-webm-vp8: eb34c28f22e8b96e1ab97ce403110664 -> 
  custom:audio-encoder-webm-vorbis: bf7c407c2cedff20999df2af8eb42d56 -> 
  custom:framework-win-MediaFoundation: 216162199b28c13a410421893ffa2e32 -> 
  custom:container-demuxer-ogg: 62fdf1f143b41e24485cea50d1cbac27 -> 
  custom:video-decoder-webm-vp8: 9c59270c3fd7afecdb556c50c9e8de78 -> 
  custom:audio-decoder-ogg-vorbis: bf7c407c2cedff20999df2af8eb42d56 -> 
========================================================================
Received Import Request.
  Time since last request: 81620.605780 seconds.
  path: Assets/CharacterPack Lowpoly (FREE)/Prefabs/character2 (1).prefab
  artifactKey: Guid(1f05b36eff9f0c941a187ddef4a43a0a) Importer(815301076,1909f56bfc062723c751e8b465ee728b)
Start importing Assets/CharacterPack Lowpoly (FREE)/Prefabs/character2 (1).prefab using Guid(1f05b36eff9f0c941a187ddef4a43a0a) Importer(815301076,1909f56bfc062723c751e8b465ee728b)  -> (artifact id: 'b1abc14d03d973e56b2c3ff722a7cfa6') in 0.111986 seconds 
========================================================================
Received Import Request.
  Time since last request: 0.000017 seconds.
  path: Assets/CharacterPack Lowpoly (FREE)/Prefabs/character1 (1).prefab
  artifactKey: Guid(a15133d8898d400449f7c21aef33e511) Importer(815301076,1909f56bfc062723c751e8b465ee728b)
Start importing Assets/CharacterPack Lowpoly (FREE)/Prefabs/character1 (1).prefab using Guid(a15133d8898d400449f7c21aef33e511) Importer(815301076,1909f56bfc062723c751e8b465ee728b)  -> (artifact id: '433c6eb3b66beb95ecfda28a140189df') in 0.012495 seconds 
========================================================================
Received Import Request.
  Time since last request: 10.092960 seconds.
  path: Assets/HurlyBurly/FREE_LowPoly_SubwayEntrance/Prefabs/FREE_SW_ENV_StreetEntrance_01.prefab
  artifactKey: Guid(00884ecfdee48429b9b0256fe101d69a) Importer(815301076,1909f56bfc062723c751e8b465ee728b)
Start importing Assets/HurlyBurly/FREE_LowPoly_SubwayEntrance/Prefabs/FREE_SW_ENV_StreetEntrance_01.prefab using Guid(00884ecfdee48429b9b0256fe101d69a) Importer(815301076,1909f56bfc062723c751e8b465ee728b)  -> (artifact id: 'b76aadd323bcfa46bdc53b099a02f4af') in 0.239099 seconds 
========================================================================
Received Import Request.
  Time since last request: 0.000018 seconds.
  path: Assets/HurlyBurly/FREE_LowPoly_SubwayEntrance/Prefabs/FREE_SW_ENV_StreetEntrance_FreeJunction.prefab
  artifactKey: Guid(5782b766151c54217bad14e4303df043) Importer(815301076,1909f56bfc062723c751e8b465ee728b)
Start importing Assets/HurlyBurly/FREE_LowPoly_SubwayEntrance/Prefabs/FREE_SW_ENV_StreetEntrance_FreeJunction.prefab using Guid(5782b766151c54217bad14e4303df043) Importer(815301076,1909f56bfc062723c751e8b465ee728b)  -> (artifact id: '0aede3d669e630ed5d021fa13dd6e085') in 0.033211 seconds 
========================================================================
Received Import Request.
  Time since last request: 0.000041 seconds.
  path: Assets/HurlyBurly/FREE_LowPoly_SubwayEntrance/Prefabs/FREE_SW_PROP_Sign_Medium_02.prefab
  artifactKey: Guid(91c5c30604f764a65871f47063ea52fd) Importer(815301076,1909f56bfc062723c751e8b465ee728b)
Start importing Assets/HurlyBurly/FREE_LowPoly_SubwayEntrance/Prefabs/FREE_SW_PROP_Sign_Medium_02.prefab using Guid(91c5c30604f764a65871f47063ea52fd) Importer(815301076,1909f56bfc062723c751e8b465ee728b)  -> (artifact id: '254ca48755f2fb73f4b89e3af4355863') in 0.023496 seconds 
========================================================================
Received Import Request.
  Time since last request: 20.893998 seconds.
  path: Assets/Simple Vehicle Pack/Prefabs/Mobile/Bus_1.prefab
  artifactKey: Guid(6717c7c2d677a9f439f502029ec5b22a) Importer(815301076,1909f56bfc062723c751e8b465ee728b)
Start importing Assets/Simple Vehicle Pack/Prefabs/Mobile/Bus_1.prefab using Guid(6717c7c2d677a9f439f502029ec5b22a) Importer(815301076,1909f56bfc062723c751e8b465ee728b)  -> (artifact id: 'c845efeeb93deb13d9cf4418aea23dba') in 0.066203 seconds 
========================================================================
Received Import Request.
  Time since last request: 0.000016 seconds.
  path: Assets/Simple Vehicle Pack/Prefabs/Mobile/Car_4.prefab
  artifactKey: Guid(558e73634b44f39458a7ea4a8a56976a) Importer(815301076,1909f56bfc062723c751e8b465ee728b)
Start importing Assets/Simple Vehicle Pack/Prefabs/Mobile/Car_4.prefab using Guid(558e73634b44f39458a7ea4a8a56976a) Importer(815301076,1909f56bfc062723c751e8b465ee728b)  -> (artifact id: '3b2714d140d1335063b121b8311f4faa') in 0.007813 seconds 
========================================================================
Received Import Request.
  Time since last request: 0.000020 seconds.
  path: Assets/Simple Vehicle Pack/Prefabs/Mobile/Car_3.prefab
  artifactKey: Guid(6d56b50e711a5204d9059e0c99b70eda) Importer(815301076,1909f56bfc062723c751e8b465ee728b)
Start importing Assets/Simple Vehicle Pack/Prefabs/Mobile/Car_3.prefab using Guid(6d56b50e711a5204d9059e0c99b70eda) Importer(815301076,1909f56bfc062723c751e8b465ee728b)  -> (artifact id: '95203303b7a08f491c19bda5649e25a3') in 0.007740 seconds 
========================================================================
Received Import Request.
  Time since last request: 11.898141 seconds.
  path: Assets/Park/Prefabs/Bench.prefab
  artifactKey: Guid(ccf13c7381ca25349b107bbb9423e1bd) Importer(815301076,1909f56bfc062723c751e8b465ee728b)
Start importing Assets/Park/Prefabs/Bench.prefab using Guid(ccf13c7381ca25349b107bbb9423e1bd) Importer(815301076,1909f56bfc062723c751e8b465ee728b)  -> (artifact id: '5ef9bfc1bef3e604aa8fdb9001d954a6') in 0.016862 seconds 
========================================================================
Received Import Request.
  Time since last request: 0.000015 seconds.
  path: Assets/Park/Prefabs/Tole_Med.prefab
  artifactKey: Guid(2b0703e911f6adf4a8d19c5a96324b2a) Importer(815301076,1909f56bfc062723c751e8b465ee728b)
Start importing Assets/Park/Prefabs/Tole_Med.prefab using Guid(2b0703e911f6adf4a8d19c5a96324b2a) Importer(815301076,1909f56bfc062723c751e8b465ee728b)  -> (artifact id: 'f9db9d3381ca45127d0749a30dcd799d') in 0.010317 seconds 
========================================================================
Received Import Request.
  Time since last request: 0.000015 seconds.
  path: Assets/Park/Prefabs/Tree_4.prefab
  artifactKey: Guid(db9e8f7bc8c5778479ddc55486de4558) Importer(815301076,1909f56bfc062723c751e8b465ee728b)
Start importing Assets/Park/Prefabs/Tree_4.prefab using Guid(db9e8f7bc8c5778479ddc55486de4558) Importer(815301076,1909f56bfc062723c751e8b465ee728b)  -> (artifact id: '2636e2116432b1877a50ddf0ed05662e') in 0.008798 seconds 
========================================================================
Received Import Request.
  Time since last request: 0.000016 seconds.
  path: Assets/Park/Prefabs/Tree_2_Autumn.prefab
  artifactKey: Guid(8248f278a99a4a046823f1fd3bbacc23) Importer(815301076,1909f56bfc062723c751e8b465ee728b)
Start importing Assets/Park/Prefabs/Tree_2_Autumn.prefab using Guid(8248f278a99a4a046823f1fd3bbacc23) Importer(815301076,1909f56bfc062723c751e8b465ee728b)  -> (artifact id: 'd4388385666c27d46f1fab0dbfcfff2f') in 0.009657 seconds 
========================================================================
Received Import Request.
  Time since last request: 0.000015 seconds.
  path: Assets/Park/Prefabs/Tree_3_Autumn.prefab
  artifactKey: Guid(57055804781fa4347b667ebf0a73f239) Importer(815301076,1909f56bfc062723c751e8b465ee728b)
Start importing Assets/Park/Prefabs/Tree_3_Autumn.prefab using Guid(57055804781fa4347b667ebf0a73f239) Importer(815301076,1909f56bfc062723c751e8b465ee728b)  -> (artifact id: '24fa1d39ccae61fce02f0733701806c0') in 0.010637 seconds 
========================================================================
Received Import Request.
  Time since last request: 0.000018 seconds.
  path: Assets/Park/Prefabs/Rock.prefab
  artifactKey: Guid(568b15b1fe7027049b35d9c4fbe502ba) Importer(815301076,1909f56bfc062723c751e8b465ee728b)
Start importing Assets/Park/Prefabs/Rock.prefab using Guid(568b15b1fe7027049b35d9c4fbe502ba) Importer(815301076,1909f56bfc062723c751e8b465ee728b)  -> (artifact id: '4ade1d8cf46baea942f6df492addd41b') in 0.011894 seconds 
========================================================================
Received Import Request.
  Time since last request: 0.000024 seconds.
  path: Assets/Park/Prefabs/WaterTile..prefab
  artifactKey: Guid(596b9f04dd2edb948b985d656a3567ea) Importer(815301076,1909f56bfc062723c751e8b465ee728b)
Start importing Assets/Park/Prefabs/WaterTile..prefab using Guid(596b9f04dd2edb948b985d656a3567ea) Importer(815301076,1909f56bfc062723c751e8b465ee728b)  -> (artifact id: 'fb9f05e3829e8eb9c8a004e84beb7971') in 0.009067 seconds 
========================================================================
Received Import Request.
  Time since last request: 0.000017 seconds.
  path: Assets/Park/Prefabs/Bridge.prefab
  artifactKey: Guid(ed30ced0d9bec9143b2bec3fc2d49c24) Importer(815301076,1909f56bfc062723c751e8b465ee728b)
Start importing Assets/Park/Prefabs/Bridge.prefab using Guid(ed30ced0d9bec9143b2bec3fc2d49c24) Importer(815301076,1909f56bfc062723c751e8b465ee728b)  -> (artifact id: 'c2ecbcc7128a3e9af589aa568c26c775') in 0.027918 seconds 
========================================================================
Received Import Request.
  Time since last request: 0.000021 seconds.
  path: Assets/Park/Prefabs/Tree_2.prefab
  artifactKey: Guid(018f99568725bb74a95da394773e483b) Importer(815301076,1909f56bfc062723c751e8b465ee728b)
Start importing Assets/Park/Prefabs/Tree_2.prefab using Guid(018f99568725bb74a95da394773e483b) Importer(815301076,1909f56bfc062723c751e8b465ee728b)  -> (artifact id: 'a2ab60447c9127bdf71a562a1b30b6fd') in 0.010479 seconds 
========================================================================
Received Import Request.
  Time since last request: 0.000018 seconds.
  path: Assets/Park/Prefabs/Tile_Intersection2.prefab
  artifactKey: Guid(3af4b450458e4094897579b4aa0dfdec) Importer(815301076,1909f56bfc062723c751e8b465ee728b)
Start importing Assets/Park/Prefabs/Tile_Intersection2.prefab using Guid(3af4b450458e4094897579b4aa0dfdec) Importer(815301076,1909f56bfc062723c751e8b465ee728b)  -> (artifact id: 'b5eccb69f56195bc1b59efbc97b19b87') in 0.010543 seconds 
========================================================================
Received Import Request.
  Time since last request: 0.000018 seconds.
  path: Assets/Park/Prefabs/Hovel_Orange.prefab
  artifactKey: Guid(9984667d6d5f2cd408ce06baa515ac52) Importer(815301076,1909f56bfc062723c751e8b465ee728b)
Start importing Assets/Park/Prefabs/Hovel_Orange.prefab using Guid(9984667d6d5f2cd408ce06baa515ac52) Importer(815301076,1909f56bfc062723c751e8b465ee728b)  -> (artifact id: 'ef770f64e5d11b504bbd9ad902bb4827') in 0.011244 seconds 
========================================================================
Received Import Request.
  Time since last request: 0.000018 seconds.
  path: Assets/Park/Prefabs/GrassTile.prefab
  artifactKey: Guid(96b62898125915e4892dc72bd9f4e420) Importer(815301076,1909f56bfc062723c751e8b465ee728b)
Start importing Assets/Park/Prefabs/GrassTile.prefab using Guid(96b62898125915e4892dc72bd9f4e420) Importer(815301076,1909f56bfc062723c751e8b465ee728b)  -> (artifact id: '3eeb13fc68d4db16fcb5f1e311d94661') in 0.010878 seconds 
Editor requested this worker to shutdown with reason: Scaling down because of idle timeout
AssetImportWorker is now disconnected from the server
Process exiting
Exiting without the bug reporter. Application will terminate with return code 0